<?xml version="1.0" encoding="UTF-8"?>
<coverage generated="1773822654896" clover="3.2.0">
  <project timestamp="1773822654896" name="All files">
    <metrics statements="515" coveredstatements="514" conditionals="138" coveredconditionals="133" methods="51" coveredmethods="51" elements="704" coveredelements="698" complexity="0" loc="515" ncloc="515" packages="3" files="9" classes="9"/>
    <package name="apps.jules-daemon.src.db">
      <metrics statements="247" coveredstatements="247" conditionals="66" coveredconditionals="66" methods="31" coveredmethods="31"/>
      <file name="database.ts" path="C:\Users\miche\Documents\projects\jules-daemon\apps\jules-daemon\src\db\database.ts">
        <metrics statements="243" coveredstatements="243" conditionals="66" coveredconditionals="66" methods="31" coveredmethods="31"/>
        <line num="1" count="1" type="stmt"/>
        <line num="2" count="1" type="stmt"/>
        <line num="3" count="1" type="stmt"/>
        <line num="5" count="1" type="stmt"/>
        <line num="6" count="1" type="cond" truecount="1" falsecount="0"/>
        <line num="12" count="1" type="cond" truecount="1" falsecount="0"/>
        <line num="13" count="68" type="stmt"/>
        <line num="14" count="68" type="stmt"/>
        <line num="16" count="68" type="stmt"/>
        <line num="17" count="68" type="cond" truecount="2" falsecount="0"/>
        <line num="18" count="1" type="stmt"/>
        <line num="19" count="1" type="stmt"/>
        <line num="20" count="68" type="cond" truecount="1" falsecount="0"/>
        <line num="21" count="67" type="stmt"/>
        <line num="22" count="67" type="stmt"/>
        <line num="24" count="68" type="stmt"/>
        <line num="25" count="68" type="stmt"/>
        <line num="27" count="68" type="cond" truecount="2" falsecount="0"/>
        <line num="28" count="68" type="stmt"/>
        <line num="29" count="68" type="stmt"/>
        <line num="30" count="68" type="stmt"/>
        <line num="33" count="1" type="cond" truecount="1" falsecount="0"/>
        <line num="34" count="68" type="stmt"/>
        <line num="35" count="68" type="cond" truecount="1" falsecount="0"/>
        <line num="36" count="67" type="stmt"/>
        <line num="37" count="67" type="stmt"/>
        <line num="38" count="68" type="stmt"/>
        <line num="40" count="1" type="cond" truecount="1" falsecount="0"/>
        <line num="41" count="68" type="stmt"/>
        <line num="42" count="68" type="stmt"/>
        <line num="43" count="68" type="cond" truecount="2" falsecount="0"/>
        <line num="44" count="1" type="stmt"/>
        <line num="45" count="1" type="stmt"/>
        <line num="46" count="68" type="cond" truecount="1" falsecount="0"/>
        <line num="48" count="67" type="stmt"/>
        <line num="49" count="67" type="stmt"/>
        <line num="50" count="68" type="stmt"/>
        <line num="56" count="1" type="cond" truecount="1" falsecount="0"/>
        <line num="57" count="44" type="stmt"/>
        <line num="58" count="44" type="stmt"/>
        <line num="60" count="44" type="stmt"/>
        <line num="61" count="44" type="stmt"/>
        <line num="62" count="44" type="stmt"/>
        <line num="64" count="1" type="cond" truecount="1" falsecount="0"/>
        <line num="65" count="5" type="stmt"/>
        <line num="66" count="5" type="stmt"/>
        <line num="67" count="5" type="cond" truecount="1" falsecount="0"/>
        <line num="68" count="4" type="stmt"/>
        <line num="69" count="4" type="stmt"/>
        <line num="70" count="4" type="stmt"/>
        <line num="71" count="4" type="cond" truecount="1" falsecount="0"/>
        <line num="72" count="1" type="stmt"/>
        <line num="73" count="1" type="stmt"/>
        <line num="74" count="5" type="stmt"/>
        <line num="76" count="1" type="cond" truecount="1" falsecount="0"/>
        <line num="77" count="1" type="stmt"/>
        <line num="78" count="1" type="stmt"/>
        <line num="79" count="1" type="stmt"/>
        <line num="80" count="1" type="stmt"/>
        <line num="81" count="1" type="stmt"/>
        <line num="87" count="1" type="cond" truecount="1" falsecount="0"/>
        <line num="88" count="29" type="stmt"/>
        <line num="89" count="29" type="stmt"/>
        <line num="91" count="29" type="stmt"/>
        <line num="92" count="29" type="stmt"/>
        <line num="93" count="29" type="stmt"/>
        <line num="95" count="1" type="cond" truecount="1" falsecount="0"/>
        <line num="96" count="3" type="stmt"/>
        <line num="97" count="3" type="stmt"/>
        <line num="98" count="3" type="cond" truecount="1" falsecount="0"/>
        <line num="99" count="2" type="stmt"/>
        <line num="100" count="2" type="stmt"/>
        <line num="101" count="2" type="stmt"/>
        <line num="102" count="2" type="cond" truecount="1" falsecount="0"/>
        <line num="103" count="1" type="stmt"/>
        <line num="104" count="1" type="stmt"/>
        <line num="105" count="3" type="stmt"/>
        <line num="107" count="1" type="cond" truecount="1" falsecount="0"/>
        <line num="108" count="1" type="stmt"/>
        <line num="109" count="1" type="stmt"/>
        <line num="110" count="1" type="stmt"/>
        <line num="111" count="1" type="stmt"/>
        <line num="112" count="1" type="stmt"/>
        <line num="118" count="1" type="cond" truecount="1" falsecount="0"/>
        <line num="129" count="31" type="stmt"/>
        <line num="130" count="31" type="stmt"/>
        <line num="131" count="31" type="stmt"/>
        <line num="133" count="31" type="cond" truecount="1" falsecount="0"/>
        <line num="134" count="31" type="stmt"/>
        <line num="135" count="31" type="stmt"/>
        <line num="137" count="1" type="cond" truecount="1" falsecount="0"/>
        <line num="138" count="3" type="stmt"/>
        <line num="139" count="3" type="stmt"/>
        <line num="140" count="3" type="cond" truecount="1" falsecount="0"/>
        <line num="141" count="2" type="stmt"/>
        <line num="142" count="2" type="stmt"/>
        <line num="143" count="2" type="stmt"/>
        <line num="144" count="2" type="cond" truecount="1" falsecount="0"/>
        <line num="145" count="1" type="stmt"/>
        <line num="146" count="1" type="stmt"/>
        <line num="147" count="3" type="stmt"/>
        <line num="149" count="1" type="cond" truecount="1" falsecount="0"/>
        <line num="150" count="1" type="stmt"/>
        <line num="151" count="1" type="stmt"/>
        <line num="152" count="1" type="stmt"/>
        <line num="153" count="1" type="stmt"/>
        <line num="154" count="1" type="stmt"/>
        <line num="156" count="1" type="cond" truecount="1" falsecount="0"/>
        <line num="157" count="1" type="stmt"/>
        <line num="158" count="1" type="stmt"/>
        <line num="159" count="1" type="stmt"/>
        <line num="160" count="1" type="stmt"/>
        <line num="161" count="1" type="stmt"/>
        <line num="163" count="1" type="cond" truecount="1" falsecount="0"/>
        <line num="164" count="1" type="stmt"/>
        <line num="165" count="1" type="stmt"/>
        <line num="166" count="1" type="stmt"/>
        <line num="167" count="1" type="cond" truecount="1" falsecount="0"/>
        <line num="168" count="2" type="stmt"/>
        <line num="169" count="2" type="stmt"/>
        <line num="170" count="1" type="stmt"/>
        <line num="171" count="1" type="stmt"/>
        <line num="172" count="1" type="stmt"/>
        <line num="174" count="1" type="cond" truecount="1" falsecount="0"/>
        <line num="175" count="17" type="stmt"/>
        <line num="176" count="17" type="stmt"/>
        <line num="177" count="17" type="cond" truecount="2" falsecount="0"/>
        <line num="178" count="14" type="stmt"/>
        <line num="179" count="14" type="stmt"/>
        <line num="180" count="14" type="stmt"/>
        <line num="181" count="14" type="cond" truecount="1" falsecount="0"/>
        <line num="182" count="3" type="stmt"/>
        <line num="183" count="3" type="stmt"/>
        <line num="184" count="17" type="stmt"/>
        <line num="187" count="1" type="cond" truecount="1" falsecount="0"/>
        <line num="188" count="4" type="stmt"/>
        <line num="199" count="4" type="stmt"/>
        <line num="200" count="4" type="cond" truecount="2" falsecount="0"/>
        <line num="201" count="3" type="stmt"/>
        <line num="202" count="4" type="stmt"/>
        <line num="208" count="1" type="cond" truecount="1" falsecount="0"/>
        <line num="209" count="3" type="stmt"/>
        <line num="210" count="3" type="stmt"/>
        <line num="211" count="3" type="stmt"/>
        <line num="212" count="3" type="stmt"/>
        <line num="213" count="3" type="stmt"/>
        <line num="215" count="1" type="cond" truecount="1" falsecount="0"/>
        <line num="216" count="2" type="stmt"/>
        <line num="217" count="2" type="stmt"/>
        <line num="218" count="2" type="stmt"/>
        <line num="219" count="2" type="cond" truecount="1" falsecount="0"/>
        <line num="220" count="1" type="stmt"/>
        <line num="221" count="1" type="stmt"/>
        <line num="222" count="2" type="stmt"/>
        <line num="223" count="2" type="stmt"/>
        <line num="224" count="2" type="stmt"/>
        <line num="230" count="1" type="cond" truecount="1" falsecount="0"/>
        <line num="243" count="29" type="stmt"/>
        <line num="244" count="29" type="stmt"/>
        <line num="245" count="29" type="stmt"/>
        <line num="247" count="29" type="stmt"/>
        <line num="248" count="29" type="stmt"/>
        <line num="249" count="29" type="stmt"/>
        <line num="251" count="1" type="cond" truecount="1" falsecount="0"/>
        <line num="252" count="37" type="cond" truecount="1" falsecount="0"/>
        <line num="253" count="2" type="cond" truecount="1" falsecount="0"/>
        <line num="254" count="35" type="stmt"/>
        <line num="255" count="37" type="cond" truecount="2" falsecount="0"/>
        <line num="256" count="37" type="cond" truecount="2" falsecount="0"/>
        <line num="257" count="23" type="stmt"/>
        <line num="258" count="37" type="stmt"/>
        <line num="260" count="1" type="cond" truecount="1" falsecount="0"/>
        <line num="261" count="12" type="stmt"/>
        <line num="262" count="12" type="stmt"/>
        <line num="263" count="12" type="stmt"/>
        <line num="264" count="12" type="stmt"/>
        <line num="265" count="12" type="stmt"/>
        <line num="271" count="1" type="cond" truecount="1" falsecount="0"/>
        <line num="273" count="6" type="stmt"/>
        <line num="274" count="6" type="stmt"/>
        <line num="275" count="6" type="stmt"/>
        <line num="276" count="6" type="stmt"/>
        <line num="277" count="6" type="stmt"/>
        <line num="278" count="6" type="stmt"/>
        <line num="279" count="6" type="stmt"/>
        <line num="280" count="6" type="stmt"/>
        <line num="281" count="6" type="stmt"/>
        <line num="282" count="6" type="stmt"/>
        <line num="283" count="6" type="cond" truecount="1" falsecount="0"/>
        <line num="285" count="1" type="stmt"/>
        <line num="286" count="1" type="stmt"/>
        <line num="287" count="6" type="stmt"/>
        <line num="289" count="1" type="cond" truecount="1" falsecount="0"/>
        <line num="290" count="2" type="stmt"/>
        <line num="291" count="2" type="stmt"/>
        <line num="292" count="2" type="stmt"/>
        <line num="293" count="2" type="stmt"/>
        <line num="294" count="2" type="stmt"/>
        <line num="295" count="2" type="stmt"/>
        <line num="297" count="1" type="cond" truecount="1" falsecount="0"/>
        <line num="298" count="1" type="stmt"/>
        <line num="299" count="1" type="stmt"/>
        <line num="300" count="1" type="stmt"/>
        <line num="301" count="1" type="stmt"/>
        <line num="302" count="1" type="stmt"/>
        <line num="308" count="1" type="cond" truecount="1" falsecount="0"/>
        <line num="315" count="11" type="stmt"/>
        <line num="316" count="11" type="stmt"/>
        <line num="317" count="11" type="stmt"/>
        <line num="319" count="11" type="stmt"/>
        <line num="320" count="11" type="stmt"/>
        <line num="321" count="11" type="stmt"/>
        <line num="323" count="1" type="cond" truecount="1" falsecount="0"/>
        <line num="324" count="9" type="stmt"/>
        <line num="325" count="9" type="stmt"/>
        <line num="326" count="9" type="stmt"/>
        <line num="327" count="9" type="stmt"/>
        <line num="328" count="9" type="cond" truecount="2" falsecount="0"/>
        <line num="329" count="7" type="stmt"/>
        <line num="330" count="9" type="stmt"/>
        <line num="332" count="1" type="cond" truecount="1" falsecount="0"/>
        <line num="333" count="1" type="stmt"/>
        <line num="334" count="1" type="stmt"/>
        <line num="341" count="1" type="cond" truecount="1" falsecount="0"/>
        <line num="342" count="28" type="cond" truecount="1" falsecount="0"/>
        <line num="343" count="2" type="stmt"/>
        <line num="344" count="2" type="stmt"/>
        <line num="345" count="2" type="stmt"/>
        <line num="346" count="28" type="stmt"/>
        <line num="348" count="1" type="cond" truecount="1" falsecount="0"/>
        <line num="349" count="27" type="stmt"/>
        <line num="350" count="27" type="stmt"/>
        <line num="351" count="27" type="stmt"/>
        <line num="357" count="1" type="cond" truecount="1" falsecount="0"/>
        <line num="358" count="33" type="cond" truecount="1" falsecount="0"/>
        <line num="359" count="39" type="stmt"/>
        <line num="360" count="39" type="cond" truecount="1" falsecount="0"/>
        <line num="361" count="477" type="stmt"/>
        <line num="362" count="39" type="stmt"/>
        <line num="363" count="39" type="stmt"/>
        <line num="364" count="33" type="stmt"/>
        <line num="365" count="33" type="stmt"/>
        <line num="366" count="1" type="stmt"/>
      </file>
      <file name="schema.ts" path="C:\Users\miche\Documents\projects\jules-daemon\apps\jules-daemon\src\db\schema.ts">
        <metrics statements="4" coveredstatements="4" conditionals="0" coveredconditionals="0" methods="0" coveredmethods="0"/>
        <line num="9" count="1" type="stmt"/>
        <line num="11" count="1" type="stmt"/>
        <line num="13" count="1" type="stmt"/>
        <line num="95" count="1" type="stmt"/>
      </file>
    </package>
    <package name="apps.jules-daemon.src.monitor">
      <metrics statements="189" coveredstatements="188" conditionals="72" coveredconditionals="67" methods="20" coveredmethods="20"/>
      <file name="event-router.ts" path="C:\Users\miche\Documents\projects\jules-daemon\apps\jules-daemon\src\monitor\event-router.ts">
        <metrics statements="44" coveredstatements="44" conditionals="10" coveredconditionals="10" methods="4" coveredmethods="4"/>
        <line num="2" count="1" type="stmt"/>
        <line num="11" count="1" type="stmt"/>
        <line num="12" count="1" type="cond" truecount="1" falsecount="0"/>
        <line num="13" count="11" type="stmt"/>
        <line num="14" count="11" type="cond" truecount="1" falsecount="0"/>
        <line num="15" count="11" type="stmt"/>
        <line num="18" count="1" type="cond" truecount="1" falsecount="0"/>
        <line num="19" count="10" type="stmt"/>
        <line num="20" count="10" type="stmt"/>
        <line num="21" count="10" type="stmt"/>
        <line num="22" count="10" type="stmt"/>
        <line num="23" count="10" type="stmt"/>
        <line num="24" count="10" type="stmt"/>
        <line num="25" count="10" type="stmt"/>
        <line num="26" count="10" type="stmt"/>
        <line num="29" count="1" type="cond" truecount="1" falsecount="0"/>
        <line num="30" count="11" type="stmt"/>
        <line num="31" count="11" type="stmt"/>
        <line num="32" count="11" type="stmt"/>
        <line num="34" count="11" type="cond" truecount="1" falsecount="0"/>
        <line num="36" count="3" type="stmt"/>
        <line num="37" count="3" type="stmt"/>
        <line num="38" count="3" type="cond" truecount="1" falsecount="0"/>
        <line num="41" count="8" type="stmt"/>
        <line num="42" count="11" type="cond" truecount="1" falsecount="0"/>
        <line num="43" count="7" type="cond" truecount="2" falsecount="0"/>
        <line num="44" count="7" type="stmt"/>
        <line num="45" count="7" type="stmt"/>
        <line num="46" count="7" type="stmt"/>
        <line num="47" count="7" type="stmt"/>
        <line num="48" count="7" type="stmt"/>
        <line num="49" count="7" type="stmt"/>
        <line num="50" count="7" type="stmt"/>
        <line num="51" count="7" type="stmt"/>
        <line num="52" count="7" type="stmt"/>
        <line num="53" count="7" type="stmt"/>
        <line num="54" count="7" type="stmt"/>
        <line num="55" count="7" type="stmt"/>
        <line num="56" count="7" type="stmt"/>
        <line num="57" count="7" type="stmt"/>
        <line num="58" count="7" type="cond" truecount="1" falsecount="0"/>
        <line num="60" count="8" type="stmt"/>
        <line num="61" count="11" type="stmt"/>
        <line num="62" count="1" type="stmt"/>
      </file>
      <file name="session-monitor.ts" path="C:\Users\miche\Documents\projects\jules-daemon\apps\jules-daemon\src\monitor\session-monitor.ts">
        <metrics statements="145" coveredstatements="144" conditionals="62" coveredconditionals="57" methods="16" coveredmethods="16"/>
        <line num="4" count="1" type="stmt"/>
        <line num="23" count="1" type="cond" truecount="1" falsecount="0"/>
        <line num="24" count="26" type="stmt"/>
        <line num="25" count="26" type="stmt"/>
        <line num="26" count="26" type="stmt"/>
        <line num="27" count="26" type="stmt"/>
        <line num="28" count="26" type="stmt"/>
        <line num="30" count="26" type="cond" truecount="1" falsecount="0"/>
        <line num="31" count="26" type="stmt"/>
        <line num="32" count="26" type="stmt"/>
        <line num="33" count="26" type="cond" truecount="1" falsecount="0"/>
        <line num="34" count="26" type="stmt"/>
        <line num="35" count="26" type="stmt"/>
        <line num="36" count="26" type="cond" truecount="2" falsecount="0"/>
        <line num="37" count="26" type="cond" truecount="2" falsecount="0"/>
        <line num="38" count="26" type="stmt"/>
        <line num="40" count="26" type="cond" truecount="1" falsecount="0"/>
        <line num="41" count="6" type="stmt"/>
        <line num="42" count="6" type="stmt"/>
        <line num="45" count="26" type="cond" truecount="1" falsecount="0"/>
        <line num="46" count="21" type="stmt"/>
        <line num="47" count="21" type="stmt"/>
        <line num="48" count="21" type="stmt"/>
        <line num="49" count="21" type="stmt"/>
        <line num="50" count="21" type="stmt"/>
        <line num="51" count="21" type="stmt"/>
        <line num="54" count="26" type="cond" truecount="1" falsecount="0"/>
        <line num="55" count="1" type="stmt"/>
        <line num="56" count="1" type="stmt"/>
        <line num="59" count="26" type="cond" truecount="1" falsecount="0"/>
        <line num="60" count="7" type="stmt"/>
        <line num="61" count="7" type="stmt"/>
        <line num="64" count="26" type="cond" truecount="1" falsecount="0"/>
        <line num="65" count="3" type="cond" truecount="2" falsecount="0"/>
        <line num="66" count="2" type="stmt"/>
        <line num="67" count="2" type="stmt"/>
        <line num="68" count="3" type="stmt"/>
        <line num="71" count="26" type="cond" truecount="1" falsecount="0"/>
        <line num="72" count="26" type="stmt"/>
        <line num="73" count="26" type="cond" truecount="1" falsecount="0"/>
        <line num="74" count="2" type="stmt"/>
        <line num="75" count="2" type="stmt"/>
        <line num="76" count="2" type="stmt"/>
        <line num="77" count="26" type="stmt"/>
        <line num="80" count="26" type="cond" truecount="1" falsecount="0"/>
        <line num="81" count="18" type="stmt"/>
        <line num="82" count="18" type="stmt"/>
        <line num="83" count="18" type="cond" truecount="1" falsecount="0"/>
        <line num="84" count="18" type="stmt"/>
        <line num="85" count="18" type="cond" truecount="1" falsecount="0"/>
        <line num="86" count="20" type="cond" truecount="1" falsecount="0"/>
        <line num="88" count="1" type="stmt"/>
        <line num="89" count="1" type="stmt"/>
        <line num="90" count="20" type="stmt"/>
        <line num="91" count="18" type="stmt"/>
        <line num="94" count="26" type="cond" truecount="1" falsecount="0"/>
        <line num="95" count="21" type="stmt"/>
        <line num="96" count="21" type="cond" truecount="2" falsecount="0"/>
        <line num="98" count="20" type="cond" truecount="1" falsecount="0"/>
        <line num="99" count="19" type="stmt"/>
        <line num="100" count="19" type="stmt"/>
        <line num="102" count="21" type="cond" truecount="1" falsecount="0"/>
        <line num="103" count="12" type="stmt"/>
        <line num="104" count="12" type="stmt"/>
        <line num="105" count="12" type="stmt"/>
        <line num="106" count="21" type="cond" truecount="1" falsecount="0"/>
        <line num="108" count="7" type="stmt"/>
        <line num="109" count="7" type="cond" truecount="1" falsecount="0"/>
        <line num="112" count="21" type="cond" truecount="3" falsecount="0"/>
        <line num="113" count="9" type="stmt"/>
        <line num="114" count="9" type="stmt"/>
        <line num="115" count="21" type="stmt"/>
        <line num="117" count="26" type="cond" truecount="1" falsecount="0"/>
        <line num="118" count="12" type="stmt"/>
        <line num="119" count="12" type="stmt"/>
        <line num="120" count="12" type="cond" truecount="2" falsecount="0"/>
        <line num="122" count="11" type="stmt"/>
        <line num="124" count="11" type="stmt"/>
        <line num="125" count="11" type="stmt"/>
        <line num="126" count="11" type="stmt"/>
        <line num="127" count="11" type="stmt"/>
        <line num="128" count="12" type="cond" truecount="2" falsecount="0"/>
        <line num="129" count="12" type="cond" truecount="2" falsecount="0"/>
        <line num="130" count="12" type="cond" truecount="2" falsecount="0"/>
        <line num="131" count="12" type="cond" truecount="2" falsecount="0"/>
        <line num="132" count="12" type="stmt"/>
        <line num="133" count="12" type="stmt"/>
        <line num="134" count="12" type="stmt"/>
        <line num="135" count="12" type="stmt"/>
        <line num="136" count="12" type="stmt"/>
        <line num="137" count="12" type="stmt"/>
        <line num="139" count="26" type="cond" truecount="1" falsecount="0"/>
        <line num="140" count="7" type="cond" truecount="2" falsecount="0"/>
        <line num="142" count="6" type="stmt"/>
        <line num="143" count="6" type="stmt"/>
        <line num="144" count="6" type="stmt"/>
        <line num="146" count="7" type="cond" truecount="1" falsecount="0"/>
        <line num="147" count="3" type="stmt"/>
        <line num="149" count="3" type="stmt"/>
        <line num="150" count="3" type="stmt"/>
        <line num="151" count="3" type="stmt"/>
        <line num="152" count="3" type="stmt"/>
        <line num="153" count="3" type="cond" truecount="0" falsecount="1"/>
        <line num="154" count="3" type="cond" truecount="0" falsecount="1"/>
        <line num="155" count="3" type="cond" truecount="0" falsecount="1"/>
        <line num="156" count="3" type="cond" truecount="0" falsecount="1"/>
        <line num="157" count="3" type="stmt"/>
        <line num="158" count="3" type="stmt"/>
        <line num="159" count="3" type="stmt"/>
        <line num="160" count="3" type="stmt"/>
        <line num="161" count="3" type="stmt"/>
        <line num="164" count="3" type="stmt"/>
        <line num="165" count="3" type="stmt"/>
        <line num="166" count="7" type="stmt"/>
        <line num="168" count="26" type="cond" truecount="1" falsecount="0"/>
        <line num="169" count="12" type="stmt"/>
        <line num="170" count="12" type="cond" truecount="1" falsecount="0"/>
        <line num="171" count="5" type="stmt"/>
        <line num="172" count="12" type="cond" truecount="1" falsecount="0"/>
        <line num="173" count="2" type="stmt"/>
        <line num="174" count="12" type="cond" truecount="1" falsecount="0"/>
        <line num="175" count="2" type="stmt"/>
        <line num="176" count="12" type="cond" truecount="1" falsecount="0"/>
        <line num="177" count="2" type="stmt"/>
        <line num="178" count="12" type="cond" truecount="1" falsecount="0"/>
        <line num="179" count="1" type="stmt"/>
        <line num="180" count="12" type="stmt"/>
        <line num="181" count="12" type="stmt"/>
        <line num="183" count="26" type="cond" truecount="1" falsecount="0"/>
        <line num="184" count="11" type="stmt"/>
        <line num="185" count="11" type="cond" truecount="1" falsecount="0"/>
        <line num="186" count="5" type="stmt"/>
        <line num="187" count="11" type="cond" truecount="1" falsecount="0"/>
        <line num="188" count="4" type="stmt"/>
        <line num="189" count="11" type="cond" truecount="1" falsecount="0"/>
        <line num="190" count="11" type="cond" truecount="1" falsecount="0"/>
        <line num="191" count="2" type="stmt"/>
        <line num="192" count="11" type="cond" truecount="0" falsecount="1"/>
        <line num="193" count="0" type="stmt"/>
        <line num="194" count="11" type="stmt"/>
        <line num="195" count="11" type="stmt"/>
        <line num="197" count="26" type="cond" truecount="1" falsecount="0"/>
        <line num="198" count="15" type="stmt"/>
        <line num="199" count="15" type="stmt"/>
        <line num="200" count="26" type="stmt"/>
      </file>
    </package>
    <package name="packages.contracts.src">
      <metrics statements="79" coveredstatements="79" conditionals="0" coveredconditionals="0" methods="0" coveredmethods="0"/>
      <file name="agent.ts" path="C:\Users\miche\Documents\projects\jules-daemon\packages\contracts\src\agent.ts">
        <metrics statements="8" coveredstatements="8" conditionals="0" coveredconditionals="0" methods="0" coveredmethods="0"/>
        <line num="1" count="1" type="stmt"/>
        <line num="3" count="1" type="stmt"/>
        <line num="4" count="1" type="stmt"/>
        <line num="5" count="1" type="stmt"/>
        <line num="6" count="1" type="stmt"/>
        <line num="7" count="1" type="stmt"/>
        <line num="8" count="1" type="stmt"/>
        <line num="9" count="1" type="stmt"/>
      </file>
      <file name="event.ts" path="C:\Users\miche\Documents\projects\jules-daemon\packages\contracts\src\event.ts">
        <metrics statements="21" coveredstatements="21" conditionals="0" coveredconditionals="0" methods="0" coveredmethods="0"/>
        <line num="1" count="1" type="stmt"/>
        <line num="3" count="1" type="stmt"/>
        <line num="4" count="1" type="stmt"/>
        <line num="5" count="1" type="stmt"/>
        <line num="6" count="1" type="stmt"/>
        <line num="7" count="1" type="stmt"/>
        <line num="8" count="1" type="stmt"/>
        <line num="9" count="1" type="stmt"/>
        <line num="10" count="1" type="stmt"/>
        <line num="11" count="1" type="stmt"/>
        <line num="12" count="1" type="stmt"/>
        <line num="13" count="1" type="stmt"/>
        <line num="14" count="1" type="stmt"/>
        <line num="15" count="1" type="stmt"/>
        <line num="16" count="1" type="stmt"/>
        <line num="17" count="1" type="stmt"/>
        <line num="18" count="1" type="stmt"/>
        <line num="19" count="1" type="stmt"/>
        <line num="20" count="1" type="stmt"/>
        <line num="21" count="1" type="stmt"/>
        <line num="22" count="1" type="stmt"/>
      </file>
      <file name="session.ts" path="C:\Users\miche\Documents\projects\jules-daemon\packages\contracts\src\session.ts">
        <metrics statements="18" coveredstatements="18" conditionals="0" coveredconditionals="0" methods="0" coveredmethods="0"/>
        <line num="1" count="1" type="stmt"/>
        <line num="4" count="1" type="stmt"/>
        <line num="5" count="1" type="stmt"/>
        <line num="6" count="1" type="stmt"/>
        <line num="7" count="1" type="stmt"/>
        <line num="8" count="1" type="stmt"/>
        <line num="9" count="1" type="stmt"/>
        <line num="10" count="1" type="stmt"/>
        <line num="11" count="1" type="stmt"/>
        <line num="16" count="1" type="stmt"/>
        <line num="17" count="1" type="stmt"/>
        <line num="18" count="1" type="stmt"/>
        <line num="19" count="1" type="stmt"/>
        <line num="20" count="1" type="stmt"/>
        <line num="21" count="1" type="stmt"/>
        <line num="22" count="1" type="stmt"/>
        <line num="23" count="1" type="stmt"/>
        <line num="24" count="1" type="stmt"/>
      </file>
      <file name="story.ts" path="C:\Users\miche\Documents\projects\jules-daemon\packages\contracts\src\story.ts">
        <metrics statements="8" coveredstatements="8" conditionals="0" coveredconditionals="0" methods="0" coveredmethods="0"/>
        <line num="1" count="1" type="stmt"/>
        <line num="3" count="1" type="stmt"/>
        <line num="4" count="1" type="stmt"/>
        <line num="5" count="1" type="stmt"/>
        <line num="6" count="1" type="stmt"/>
        <line num="7" count="1" type="stmt"/>
        <line num="8" count="1" type="stmt"/>
        <line num="9" count="1" type="stmt"/>
      </file>
      <file name="task.ts" path="C:\Users\miche\Documents\projects\jules-daemon\packages\contracts\src\task.ts">
        <metrics statements="24" coveredstatements="24" conditionals="0" coveredconditionals="0" methods="0" coveredmethods="0"/>
        <line num="1" count="1" type="stmt"/>
        <line num="3" count="1" type="stmt"/>
        <line num="4" count="1" type="stmt"/>
        <line num="5" count="1" type="stmt"/>
        <line num="6" count="1" type="stmt"/>
        <line num="7" count="1" type="stmt"/>
        <line num="8" count="1" type="stmt"/>
        <line num="9" count="1" type="stmt"/>
        <line num="10" count="1" type="stmt"/>
        <line num="12" count="1" type="stmt"/>
        <line num="13" count="1" type="stmt"/>
        <line num="14" count="1" type="stmt"/>
        <line num="15" count="1" type="stmt"/>
        <line num="16" count="1" type="stmt"/>
        <line num="17" count="1" type="stmt"/>
        <line num="18" count="1" type="stmt"/>
        <line num="19" count="1" type="stmt"/>
        <line num="20" count="1" type="stmt"/>
        <line num="21" count="1" type="stmt"/>
        <line num="22" count="1" type="stmt"/>
        <line num="23" count="1" type="stmt"/>
        <line num="24" count="1" type="stmt"/>
        <line num="25" count="1" type="stmt"/>
        <line num="26" count="1" type="stmt"/>
      </file>
    </package>
  </project>
</coverage>
