{"C:\\Users\\miche\\Documents\\projects\\jules-daemon\\apps\\jules-daemon\\src\\db\\database.ts": {"path":"C:\\Users\\miche\\Documents\\projects\\jules-daemon\\apps\\jules-daemon\\src\\db\\database.ts","all":false,"statementMap":{"0":{"start":{"line":1,"column":0},"end":{"line":1,"column":67}},"1":{"start":{"line":2,"column":0},"end":{"line":2,"column":25}},"2":{"start":{"line":3,"column":0},"end":{"line":3,"column":57}},"4":{"start":{"line":5,"column":0},"end":{"line":5,"column":23}},"5":{"start":{"line":6,"column":0},"end":{"line":6,"column":84}},"11":{"start":{"line":12,"column":0},"end":{"line":12,"column":59}},"12":{"start":{"line":13,"column":0},"end":{"line":13,"column":34}},"13":{"start":{"line":14,"column":0},"end":{"line":14,"column":58}},"15":{"start":{"line":16,"column":0},"end":{"line":16,"column":26}},"16":{"start":{"line":17,"column":0},"end":{"line":17,"column":47}},"17":{"start":{"line":18,"column":0},"end":{"line":18,"column":47}},"18":{"start":{"line":19,"column":0},"end":{"line":19,"column":36}},"19":{"start":{"line":20,"column":0},"end":{"line":20,"column":12}},"20":{"start":{"line":21,"column":0},"end":{"line":21,"column":30}},"21":{"start":{"line":22,"column":0},"end":{"line":22,"column":5}},"23":{"start":{"line":24,"column":0},"end":{"line":24,"column":41}},"24":{"start":{"line":25,"column":0},"end":{"line":25,"column":40}},"26":{"start":{"line":27,"column":0},"end":{"line":27,"column":66}},"27":{"start":{"line":28,"column":0},"end":{"line":28,"column":23}},"28":{"start":{"line":29,"column":0},"end":{"line":29,"column":20}},"29":{"start":{"line":30,"column":0},"end":{"line":30,"column":3}},"32":{"start":{"line":33,"column":0},"end":{"line":33,"column":27}},"33":{"start":{"line":34,"column":0},"end":{"line":34,"column":44}},"34":{"start":{"line":35,"column":0},"end":{"line":35,"column":55}},"35":{"start":{"line":36,"column":0},"end":{"line":36,"column":34}},"36":{"start":{"line":37,"column":0},"end":{"line":37,"column":5}},"37":{"start":{"line":38,"column":0},"end":{"line":38,"column":3}},"39":{"start":{"line":40,"column":0},"end":{"line":40,"column":38}},"40":{"start":{"line":41,"column":0},"end":{"line":41,"column":9}},"41":{"start":{"line":42,"column":0},"end":{"line":42,"column":80}},"42":{"start":{"line":43,"column":0},"end":{"line":43,"column":61}},"43":{"start":{"line":44,"column":0},"end":{"line":44,"column":48}},"44":{"start":{"line":45,"column":0},"end":{"line":45,"column":7}},"45":{"start":{"line":46,"column":0},"end":{"line":46,"column":13}},"47":{"start":{"line":48,"column":0},"end":{"line":48,"column":5}},"48":{"start":{"line":49,"column":0},"end":{"line":49,"column":13}},"49":{"start":{"line":50,"column":0},"end":{"line":50,"column":3}},"55":{"start":{"line":56,"column":0},"end":{"line":56,"column":130}},"56":{"start":{"line":57,"column":0},"end":{"line":57,"column":16}},"57":{"start":{"line":58,"column":0},"end":{"line":58,"column":84}},"59":{"start":{"line":60,"column":0},"end":{"line":60,"column":95}},"60":{"start":{"line":61,"column":0},"end":{"line":61,"column":6}},"61":{"start":{"line":62,"column":0},"end":{"line":62,"column":3}},"63":{"start":{"line":64,"column":0},"end":{"line":64,"column":66}},"64":{"start":{"line":65,"column":0},"end":{"line":65,"column":76}},"65":{"start":{"line":66,"column":0},"end":{"line":66,"column":25}},"66":{"start":{"line":67,"column":0},"end":{"line":67,"column":22}},"67":{"start":{"line":68,"column":0},"end":{"line":68,"column":37}},"68":{"start":{"line":69,"column":0},"end":{"line":69,"column":18}},"69":{"start":{"line":70,"column":0},"end":{"line":70,"column":44}},"70":{"start":{"line":71,"column":0},"end":{"line":71,"column":5}},"71":{"start":{"line":72,"column":0},"end":{"line":72,"column":16}},"72":{"start":{"line":73,"column":0},"end":{"line":73,"column":21}},"73":{"start":{"line":74,"column":0},"end":{"line":74,"column":3}},"75":{"start":{"line":76,"column":0},"end":{"line":76,"column":68}},"76":{"start":{"line":77,"column":0},"end":{"line":77,"column":16}},"77":{"start":{"line":78,"column":0},"end":{"line":78,"column":86}},"78":{"start":{"line":79,"column":0},"end":{"line":79,"column":29}},"79":{"start":{"line":80,"column":0},"end":{"line":80,"column":6}},"80":{"start":{"line":81,"column":0},"end":{"line":81,"column":3}},"86":{"start":{"line":87,"column":0},"end":{"line":87,"column":126}},"87":{"start":{"line":88,"column":0},"end":{"line":88,"column":16}},"88":{"start":{"line":89,"column":0},"end":{"line":89,"column":81}},"90":{"start":{"line":91,"column":0},"end":{"line":91,"column":91}},"91":{"start":{"line":92,"column":0},"end":{"line":92,"column":6}},"92":{"start":{"line":93,"column":0},"end":{"line":93,"column":3}},"94":{"start":{"line":95,"column":0},"end":{"line":95,"column":66}},"95":{"start":{"line":96,"column":0},"end":{"line":96,"column":77}},"96":{"start":{"line":97,"column":0},"end":{"line":97,"column":25}},"97":{"start":{"line":98,"column":0},"end":{"line":98,"column":22}},"98":{"start":{"line":99,"column":0},"end":{"line":99,"column":37}},"99":{"start":{"line":100,"column":0},"end":{"line":100,"column":18}},"100":{"start":{"line":101,"column":0},"end":{"line":101,"column":44}},"101":{"start":{"line":102,"column":0},"end":{"line":102,"column":5}},"102":{"start":{"line":103,"column":0},"end":{"line":103,"column":16}},"103":{"start":{"line":104,"column":0},"end":{"line":104,"column":21}},"104":{"start":{"line":105,"column":0},"end":{"line":105,"column":3}},"106":{"start":{"line":107,"column":0},"end":{"line":107,"column":79}},"107":{"start":{"line":108,"column":0},"end":{"line":108,"column":16}},"108":{"start":{"line":109,"column":0},"end":{"line":109,"column":73}},"109":{"start":{"line":110,"column":0},"end":{"line":110,"column":35}},"110":{"start":{"line":111,"column":0},"end":{"line":111,"column":6}},"111":{"start":{"line":112,"column":0},"end":{"line":112,"column":3}},"117":{"start":{"line":118,"column":0},"end":{"line":118,"column":20}},"128":{"start":{"line":129,"column":0},"end":{"line":129,"column":12}},"129":{"start":{"line":130,"column":0},"end":{"line":130,"column":16}},"130":{"start":{"line":131,"column":0},"end":{"line":131,"column":131}},"132":{"start":{"line":133,"column":0},"end":{"line":133,"column":171}},"133":{"start":{"line":134,"column":0},"end":{"line":134,"column":6}},"134":{"start":{"line":135,"column":0},"end":{"line":135,"column":3}},"136":{"start":{"line":137,"column":0},"end":{"line":137,"column":64}},"137":{"start":{"line":138,"column":0},"end":{"line":138,"column":74}},"138":{"start":{"line":139,"column":0},"end":{"line":139,"column":24}},"139":{"start":{"line":140,"column":0},"end":{"line":140,"column":22}},"140":{"start":{"line":141,"column":0},"end":{"line":141,"column":37}},"141":{"start":{"line":142,"column":0},"end":{"line":142,"column":18}},"142":{"start":{"line":143,"column":0},"end":{"line":143,"column":44}},"143":{"start":{"line":144,"column":0},"end":{"line":144,"column":5}},"144":{"start":{"line":145,"column":0},"end":{"line":145,"column":16}},"145":{"start":{"line":146,"column":0},"end":{"line":146,"column":21}},"146":{"start":{"line":147,"column":0},"end":{"line":147,"column":3}},"148":{"start":{"line":149,"column":0},"end":{"line":149,"column":77}},"149":{"start":{"line":150,"column":0},"end":{"line":150,"column":16}},"150":{"start":{"line":151,"column":0},"end":{"line":151,"column":70}},"151":{"start":{"line":152,"column":0},"end":{"line":152,"column":34}},"152":{"start":{"line":153,"column":0},"end":{"line":153,"column":6}},"153":{"start":{"line":154,"column":0},"end":{"line":154,"column":3}},"155":{"start":{"line":156,"column":0},"end":{"line":156,"column":81}},"156":{"start":{"line":157,"column":0},"end":{"line":157,"column":16}},"157":{"start":{"line":158,"column":0},"end":{"line":158,"column":94}},"158":{"start":{"line":159,"column":0},"end":{"line":159,"column":37}},"159":{"start":{"line":160,"column":0},"end":{"line":160,"column":6}},"160":{"start":{"line":161,"column":0},"end":{"line":161,"column":3}},"162":{"start":{"line":163,"column":0},"end":{"line":163,"column":63}},"163":{"start":{"line":164,"column":0},"end":{"line":164,"column":95}},"164":{"start":{"line":165,"column":0},"end":{"line":165,"column":25}},"165":{"start":{"line":166,"column":0},"end":{"line":166,"column":47}},"166":{"start":{"line":167,"column":0},"end":{"line":167,"column":25}},"167":{"start":{"line":168,"column":0},"end":{"line":168,"column":63}},"168":{"start":{"line":169,"column":0},"end":{"line":169,"column":5}},"169":{"start":{"line":170,"column":0},"end":{"line":170,"column":16}},"170":{"start":{"line":171,"column":0},"end":{"line":171,"column":16}},"171":{"start":{"line":172,"column":0},"end":{"line":172,"column":3}},"173":{"start":{"line":174,"column":0},"end":{"line":174,"column":76}},"174":{"start":{"line":175,"column":0},"end":{"line":175,"column":85}},"175":{"start":{"line":176,"column":0},"end":{"line":176,"column":27}},"176":{"start":{"line":177,"column":0},"end":{"line":177,"column":22}},"177":{"start":{"line":178,"column":0},"end":{"line":178,"column":37}},"178":{"start":{"line":179,"column":0},"end":{"line":179,"column":18}},"179":{"start":{"line":180,"column":0},"end":{"line":180,"column":44}},"180":{"start":{"line":181,"column":0},"end":{"line":181,"column":5}},"181":{"start":{"line":182,"column":0},"end":{"line":182,"column":16}},"182":{"start":{"line":183,"column":0},"end":{"line":183,"column":21}},"183":{"start":{"line":184,"column":0},"end":{"line":184,"column":3}},"186":{"start":{"line":187,"column":0},"end":{"line":187,"column":64}},"187":{"start":{"line":188,"column":0},"end":{"line":188,"column":34}},"198":{"start":{"line":199,"column":0},"end":{"line":199,"column":18}},"199":{"start":{"line":200,"column":0},"end":{"line":200,"column":40}},"200":{"start":{"line":201,"column":0},"end":{"line":201,"column":42}},"201":{"start":{"line":202,"column":0},"end":{"line":202,"column":3}},"207":{"start":{"line":208,"column":0},"end":{"line":208,"column":68}},"208":{"start":{"line":209,"column":0},"end":{"line":209,"column":16}},"209":{"start":{"line":210,"column":0},"end":{"line":210,"column":82}},"210":{"start":{"line":211,"column":0},"end":{"line":211,"column":32}},"211":{"start":{"line":212,"column":0},"end":{"line":212,"column":6}},"212":{"start":{"line":213,"column":0},"end":{"line":213,"column":3}},"214":{"start":{"line":215,"column":0},"end":{"line":215,"column":49}},"215":{"start":{"line":216,"column":0},"end":{"line":216,"column":103}},"216":{"start":{"line":217,"column":0},"end":{"line":217,"column":24}},"217":{"start":{"line":218,"column":0},"end":{"line":218,"column":29}},"218":{"start":{"line":219,"column":0},"end":{"line":219,"column":25}},"219":{"start":{"line":220,"column":0},"end":{"line":220,"column":64}},"220":{"start":{"line":221,"column":0},"end":{"line":221,"column":5}},"221":{"start":{"line":222,"column":0},"end":{"line":222,"column":16}},"222":{"start":{"line":223,"column":0},"end":{"line":223,"column":15}},"223":{"start":{"line":224,"column":0},"end":{"line":224,"column":3}},"229":{"start":{"line":230,"column":0},"end":{"line":230,"column":22}},"242":{"start":{"line":243,"column":0},"end":{"line":243,"column":12}},"243":{"start":{"line":244,"column":0},"end":{"line":244,"column":16}},"244":{"start":{"line":245,"column":0},"end":{"line":245,"column":162}},"246":{"start":{"line":247,"column":0},"end":{"line":247,"column":223}},"247":{"start":{"line":248,"column":0},"end":{"line":248,"column":6}},"248":{"start":{"line":249,"column":0},"end":{"line":249,"column":3}},"250":{"start":{"line":251,"column":0},"end":{"line":251,"column":69}},"251":{"start":{"line":252,"column":0},"end":{"line":252,"column":23}},"252":{"start":{"line":253,"column":0},"end":{"line":253,"column":101}},"253":{"start":{"line":254,"column":0},"end":{"line":254,"column":79}},"254":{"start":{"line":255,"column":0},"end":{"line":255,"column":64}},"255":{"start":{"line":256,"column":0},"end":{"line":256,"column":40}},"256":{"start":{"line":257,"column":0},"end":{"line":257,"column":42}},"257":{"start":{"line":258,"column":0},"end":{"line":258,"column":3}},"259":{"start":{"line":260,"column":0},"end":{"line":260,"column":66}},"260":{"start":{"line":261,"column":0},"end":{"line":261,"column":16}},"261":{"start":{"line":262,"column":0},"end":{"line":262,"column":62}},"262":{"start":{"line":263,"column":0},"end":{"line":263,"column":29}},"263":{"start":{"line":264,"column":0},"end":{"line":264,"column":6}},"264":{"start":{"line":265,"column":0},"end":{"line":265,"column":3}},"270":{"start":{"line":271,"column":0},"end":{"line":271,"column":101}},"272":{"start":{"line":273,"column":0},"end":{"line":273,"column":16}},"273":{"start":{"line":274,"column":0},"end":{"line":274,"column":110}},"274":{"start":{"line":275,"column":0},"end":{"line":275,"column":33}},"275":{"start":{"line":276,"column":0},"end":{"line":276,"column":6}},"276":{"start":{"line":277,"column":0},"end":{"line":277,"column":9}},"277":{"start":{"line":278,"column":0},"end":{"line":278,"column":18}},"278":{"start":{"line":279,"column":0},"end":{"line":279,"column":109}},"279":{"start":{"line":280,"column":0},"end":{"line":280,"column":53}},"280":{"start":{"line":281,"column":0},"end":{"line":281,"column":8}},"281":{"start":{"line":282,"column":0},"end":{"line":282,"column":18}},"282":{"start":{"line":283,"column":0},"end":{"line":283,"column":13}},"284":{"start":{"line":285,"column":0},"end":{"line":285,"column":19}},"285":{"start":{"line":286,"column":0},"end":{"line":286,"column":5}},"286":{"start":{"line":287,"column":0},"end":{"line":287,"column":3}},"288":{"start":{"line":289,"column":0},"end":{"line":289,"column":99}},"289":{"start":{"line":290,"column":0},"end":{"line":290,"column":16}},"290":{"start":{"line":291,"column":0},"end":{"line":291,"column":111}},"291":{"start":{"line":292,"column":0},"end":{"line":292,"column":51}},"292":{"start":{"line":293,"column":0},"end":{"line":293,"column":6}},"293":{"start":{"line":294,"column":0},"end":{"line":294,"column":41}},"294":{"start":{"line":295,"column":0},"end":{"line":295,"column":3}},"296":{"start":{"line":297,"column":0},"end":{"line":297,"column":79}},"297":{"start":{"line":298,"column":0},"end":{"line":298,"column":16}},"298":{"start":{"line":299,"column":0},"end":{"line":299,"column":91}},"299":{"start":{"line":300,"column":0},"end":{"line":300,"column":40}},"300":{"start":{"line":301,"column":0},"end":{"line":301,"column":6}},"301":{"start":{"line":302,"column":0},"end":{"line":302,"column":3}},"307":{"start":{"line":308,"column":0},"end":{"line":308,"column":27}},"314":{"start":{"line":315,"column":0},"end":{"line":315,"column":12}},"315":{"start":{"line":316,"column":0},"end":{"line":316,"column":16}},"316":{"start":{"line":317,"column":0},"end":{"line":317,"column":111}},"318":{"start":{"line":319,"column":0},"end":{"line":319,"column":109}},"319":{"start":{"line":320,"column":0},"end":{"line":320,"column":6}},"320":{"start":{"line":321,"column":0},"end":{"line":321,"column":3}},"322":{"start":{"line":323,"column":0},"end":{"line":323,"column":71}},"323":{"start":{"line":324,"column":0},"end":{"line":324,"column":33}},"324":{"start":{"line":325,"column":0},"end":{"line":325,"column":113}},"325":{"start":{"line":326,"column":0},"end":{"line":326,"column":16}},"326":{"start":{"line":327,"column":0},"end":{"line":327,"column":6}},"327":{"start":{"line":328,"column":0},"end":{"line":328,"column":40}},"328":{"start":{"line":329,"column":0},"end":{"line":329,"column":42}},"329":{"start":{"line":330,"column":0},"end":{"line":330,"column":3}},"331":{"start":{"line":332,"column":0},"end":{"line":332,"column":44}},"332":{"start":{"line":333,"column":0},"end":{"line":333,"column":95}},"333":{"start":{"line":334,"column":0},"end":{"line":334,"column":3}},"340":{"start":{"line":341,"column":0},"end":{"line":341,"column":16}},"341":{"start":{"line":342,"column":0},"end":{"line":342,"column":24}},"342":{"start":{"line":343,"column":0},"end":{"line":343,"column":36}},"343":{"start":{"line":344,"column":0},"end":{"line":344,"column":57}},"344":{"start":{"line":345,"column":0},"end":{"line":345,"column":5}},"345":{"start":{"line":346,"column":0},"end":{"line":346,"column":3}},"347":{"start":{"line":348,"column":0},"end":{"line":348,"column":17}},"348":{"start":{"line":349,"column":0},"end":{"line":349,"column":16}},"349":{"start":{"line":350,"column":0},"end":{"line":350,"column":20}},"350":{"start":{"line":351,"column":0},"end":{"line":351,"column":3}},"356":{"start":{"line":357,"column":0},"end":{"line":357,"column":104}},"357":{"start":{"line":358,"column":0},"end":{"line":358,"column":39}},"358":{"start":{"line":359,"column":0},"end":{"line":359,"column":46}},"359":{"start":{"line":360,"column":0},"end":{"line":360,"column":42}},"360":{"start":{"line":361,"column":0},"end":{"line":361,"column":26}},"361":{"start":{"line":362,"column":0},"end":{"line":362,"column":9}},"362":{"start":{"line":363,"column":0},"end":{"line":363,"column":17}},"363":{"start":{"line":364,"column":0},"end":{"line":364,"column":7}},"364":{"start":{"line":365,"column":0},"end":{"line":365,"column":3}},"365":{"start":{"line":366,"column":0},"end":{"line":366,"column":1}}},"s":{"0":1,"1":1,"2":1,"4":1,"5":1,"11":1,"12":68,"13":68,"15":68,"16":68,"17":1,"18":1,"19":68,"20":67,"21":67,"23":68,"24":68,"26":68,"27":68,"28":68,"29":68,"32":1,"33":68,"34":68,"35":67,"36":67,"37":68,"39":1,"40":68,"41":68,"42":68,"43":1,"44":1,"45":68,"47":67,"48":67,"49":68,"55":1,"56":44,"57":44,"59":44,"60":44,"61":44,"63":1,"64":5,"65":5,"66":5,"67":4,"68":4,"69":4,"70":4,"71":1,"72":1,"73":5,"75":1,"76":1,"77":1,"78":1,"79":1,"80":1,"86":1,"87":29,"88":29,"90":29,"91":29,"92":29,"94":1,"95":3,"96":3,"97":3,"98":2,"99":2,"100":2,"101":2,"102":1,"103":1,"104":3,"106":1,"107":1,"108":1,"109":1,"110":1,"111":1,"117":1,"128":31,"129":31,"130":31,"132":31,"133":31,"134":31,"136":1,"137":3,"138":3,"139":3,"140":2,"141":2,"142":2,"143":2,"144":1,"145":1,"146":3,"148":1,"149":1,"150":1,"151":1,"152":1,"153":1,"155":1,"156":1,"157":1,"158":1,"159":1,"160":1,"162":1,"163":1,"164":1,"165":1,"166":1,"167":2,"168":2,"169":1,"170":1,"171":1,"173":1,"174":17,"175":17,"176":17,"177":14,"178":14,"179":14,"180":14,"181":3,"182":3,"183":17,"186":1,"187":4,"198":4,"199":4,"200":3,"201":4,"207":1,"208":3,"209":3,"210":3,"211":3,"212":3,"214":1,"215":2,"216":2,"217":2,"218":2,"219":1,"220":1,"221":2,"222":2,"223":2,"229":1,"242":29,"243":29,"244":29,"246":29,"247":29,"248":29,"250":1,"251":37,"252":2,"253":35,"254":37,"255":37,"256":23,"257":37,"259":1,"260":12,"261":12,"262":12,"263":12,"264":12,"270":1,"272":6,"273":6,"274":6,"275":6,"276":6,"277":6,"278":6,"279":6,"280":6,"281":6,"282":6,"284":1,"285":1,"286":6,"288":1,"289":2,"290":2,"291":2,"292":2,"293":2,"294":2,"296":1,"297":1,"298":1,"299":1,"300":1,"301":1,"307":1,"314":11,"315":11,"316":11,"318":11,"319":11,"320":11,"322":1,"323":9,"324":9,"325":9,"326":9,"327":9,"328":7,"329":9,"331":1,"332":1,"333":1,"340":1,"341":28,"342":2,"343":2,"344":2,"345":28,"347":1,"348":27,"349":27,"350":27,"356":1,"357":33,"358":39,"359":39,"360":477,"361":39,"362":39,"363":33,"364":33,"365":1},"branchMap":{"0":{"type":"branch","line":6,"loc":{"start":{"line":6,"column":10},"end":{"line":6,"column":84}},"locations":[{"start":{"line":6,"column":10},"end":{"line":6,"column":84}}]},"1":{"type":"branch","line":12,"loc":{"start":{"line":12,"column":2},"end":{"line":30,"column":3}},"locations":[{"start":{"line":12,"column":2},"end":{"line":30,"column":3}}]},"2":{"type":"branch","line":17,"loc":{"start":{"line":17,"column":9},"end":{"line":17,"column":46}},"locations":[{"start":{"line":17,"column":9},"end":{"line":17,"column":46}}]},"3":{"type":"branch","line":17,"loc":{"start":{"line":17,"column":46},"end":{"line":20,"column":11}},"locations":[{"start":{"line":17,"column":46},"end":{"line":20,"column":11}}]},"4":{"type":"branch","line":20,"loc":{"start":{"line":20,"column":4},"end":{"line":22,"column":5}},"locations":[{"start":{"line":20,"column":4},"end":{"line":22,"column":5}}]},"5":{"type":"branch","line":27,"loc":{"start":{"line":27,"column":38},"end":{"line":27,"column":56}},"locations":[{"start":{"line":27,"column":38},"end":{"line":27,"column":56}}]},"6":{"type":"branch","line":27,"loc":{"start":{"line":27,"column":49},"end":{"line":27,"column":64}},"locations":[{"start":{"line":27,"column":49},"end":{"line":27,"column":64}}]},"7":{"type":"branch","line":33,"loc":{"start":{"line":33,"column":10},"end":{"line":38,"column":3}},"locations":[{"start":{"line":33,"column":10},"end":{"line":38,"column":3}}]},"8":{"type":"branch","line":35,"loc":{"start":{"line":35,"column":54},"end":{"line":37,"column":5}},"locations":[{"start":{"line":35,"column":54},"end":{"line":37,"column":5}}]},"9":{"type":"branch","line":40,"loc":{"start":{"line":40,"column":10},"end":{"line":50,"column":3}},"locations":[{"start":{"line":40,"column":10},"end":{"line":50,"column":3}}]},"10":{"type":"branch","line":43,"loc":{"start":{"line":43,"column":26},"end":{"line":43,"column":60}},"locations":[{"start":{"line":43,"column":26},"end":{"line":43,"column":60}}]},"11":{"type":"branch","line":43,"loc":{"start":{"line":43,"column":60},"end":{"line":45,"column":7}},"locations":[{"start":{"line":43,"column":60},"end":{"line":45,"column":7}}]},"12":{"type":"branch","line":46,"loc":{"start":{"line":46,"column":4},"end":{"line":49,"column":13}},"locations":[{"start":{"line":46,"column":4},"end":{"line":49,"column":13}}]},"13":{"type":"branch","line":56,"loc":{"start":{"line":56,"column":2},"end":{"line":62,"column":3}},"locations":[{"start":{"line":56,"column":2},"end":{"line":62,"column":3}}]},"14":{"type":"branch","line":64,"loc":{"start":{"line":64,"column":2},"end":{"line":74,"column":3}},"locations":[{"start":{"line":64,"column":2},"end":{"line":74,"column":3}}]},"15":{"type":"branch","line":67,"loc":{"start":{"line":67,"column":21},"end":{"line":71,"column":5}},"locations":[{"start":{"line":67,"column":21},"end":{"line":71,"column":5}}]},"16":{"type":"branch","line":71,"loc":{"start":{"line":71,"column":4},"end":{"line":73,"column":21}},"locations":[{"start":{"line":71,"column":4},"end":{"line":73,"column":21}}]},"17":{"type":"branch","line":76,"loc":{"start":{"line":76,"column":2},"end":{"line":81,"column":3}},"locations":[{"start":{"line":76,"column":2},"end":{"line":81,"column":3}}]},"18":{"type":"branch","line":87,"loc":{"start":{"line":87,"column":2},"end":{"line":93,"column":3}},"locations":[{"start":{"line":87,"column":2},"end":{"line":93,"column":3}}]},"19":{"type":"branch","line":95,"loc":{"start":{"line":95,"column":2},"end":{"line":105,"column":3}},"locations":[{"start":{"line":95,"column":2},"end":{"line":105,"column":3}}]},"20":{"type":"branch","line":98,"loc":{"start":{"line":98,"column":21},"end":{"line":102,"column":5}},"locations":[{"start":{"line":98,"column":21},"end":{"line":102,"column":5}}]},"21":{"type":"branch","line":102,"loc":{"start":{"line":102,"column":4},"end":{"line":104,"column":21}},"locations":[{"start":{"line":102,"column":4},"end":{"line":104,"column":21}}]},"22":{"type":"branch","line":107,"loc":{"start":{"line":107,"column":2},"end":{"line":112,"column":3}},"locations":[{"start":{"line":107,"column":2},"end":{"line":112,"column":3}}]},"23":{"type":"branch","line":118,"loc":{"start":{"line":118,"column":2},"end":{"line":135,"column":3}},"locations":[{"start":{"line":118,"column":2},"end":{"line":135,"column":3}}]},"24":{"type":"branch","line":133,"loc":{"start":{"line":133,"column":117},"end":{"line":133,"column":137}},"locations":[{"start":{"line":133,"column":117},"end":{"line":133,"column":137}}]},"25":{"type":"branch","line":137,"loc":{"start":{"line":137,"column":2},"end":{"line":147,"column":3}},"locations":[{"start":{"line":137,"column":2},"end":{"line":147,"column":3}}]},"26":{"type":"branch","line":140,"loc":{"start":{"line":140,"column":21},"end":{"line":144,"column":5}},"locations":[{"start":{"line":140,"column":21},"end":{"line":144,"column":5}}]},"27":{"type":"branch","line":144,"loc":{"start":{"line":144,"column":4},"end":{"line":146,"column":21}},"locations":[{"start":{"line":144,"column":4},"end":{"line":146,"column":21}}]},"28":{"type":"branch","line":149,"loc":{"start":{"line":149,"column":2},"end":{"line":154,"column":3}},"locations":[{"start":{"line":149,"column":2},"end":{"line":154,"column":3}}]},"29":{"type":"branch","line":156,"loc":{"start":{"line":156,"column":2},"end":{"line":161,"column":3}},"locations":[{"start":{"line":156,"column":2},"end":{"line":161,"column":3}}]},"30":{"type":"branch","line":163,"loc":{"start":{"line":163,"column":2},"end":{"line":172,"column":3}},"locations":[{"start":{"line":163,"column":2},"end":{"line":172,"column":3}}]},"31":{"type":"branch","line":167,"loc":{"start":{"line":167,"column":24},"end":{"line":169,"column":5}},"locations":[{"start":{"line":167,"column":24},"end":{"line":169,"column":5}}]},"32":{"type":"branch","line":174,"loc":{"start":{"line":174,"column":2},"end":{"line":184,"column":3}},"locations":[{"start":{"line":174,"column":2},"end":{"line":184,"column":3}}]},"33":{"type":"branch","line":177,"loc":{"start":{"line":177,"column":21},"end":{"line":183,"column":21}},"locations":[{"start":{"line":177,"column":21},"end":{"line":183,"column":21}}]},"34":{"type":"branch","line":177,"loc":{"start":{"line":177,"column":21},"end":{"line":181,"column":5}},"locations":[{"start":{"line":177,"column":21},"end":{"line":181,"column":5}}]},"35":{"type":"branch","line":181,"loc":{"start":{"line":181,"column":4},"end":{"line":183,"column":21}},"locations":[{"start":{"line":181,"column":4},"end":{"line":183,"column":21}}]},"36":{"type":"branch","line":187,"loc":{"start":{"line":187,"column":2},"end":{"line":202,"column":3}},"locations":[{"start":{"line":187,"column":2},"end":{"line":202,"column":3}}]},"37":{"type":"branch","line":200,"loc":{"start":{"line":200,"column":30},"end":{"line":200,"column":40}},"locations":[{"start":{"line":200,"column":30},"end":{"line":200,"column":40}}]},"38":{"type":"branch","line":200,"loc":{"start":{"line":200,"column":38},"end":{"line":201,"column":42}},"locations":[{"start":{"line":200,"column":38},"end":{"line":201,"column":42}}]},"39":{"type":"branch","line":208,"loc":{"start":{"line":208,"column":2},"end":{"line":213,"column":3}},"locations":[{"start":{"line":208,"column":2},"end":{"line":213,"column":3}}]},"40":{"type":"branch","line":215,"loc":{"start":{"line":215,"column":2},"end":{"line":224,"column":3}},"locations":[{"start":{"line":215,"column":2},"end":{"line":224,"column":3}}]},"41":{"type":"branch","line":219,"loc":{"start":{"line":219,"column":24},"end":{"line":221,"column":5}},"locations":[{"start":{"line":219,"column":24},"end":{"line":221,"column":5}}]},"42":{"type":"branch","line":230,"loc":{"start":{"line":230,"column":2},"end":{"line":249,"column":3}},"locations":[{"start":{"line":230,"column":2},"end":{"line":249,"column":3}}]},"43":{"type":"branch","line":251,"loc":{"start":{"line":251,"column":2},"end":{"line":258,"column":3}},"locations":[{"start":{"line":251,"column":2},"end":{"line":258,"column":3}}]},"44":{"type":"branch","line":252,"loc":{"start":{"line":252,"column":16},"end":{"line":253,"column":101}},"locations":[{"start":{"line":252,"column":16},"end":{"line":253,"column":101}}]},"45":{"type":"branch","line":253,"loc":{"start":{"line":253,"column":8},"end":{"line":254,"column":79}},"locations":[{"start":{"line":253,"column":8},"end":{"line":254,"column":79}}]},"46":{"type":"branch","line":255,"loc":{"start":{"line":255,"column":38},"end":{"line":255,"column":60}},"locations":[{"start":{"line":255,"column":38},"end":{"line":255,"column":60}}]},"47":{"type":"branch","line":255,"loc":{"start":{"line":255,"column":56},"end":{"line":255,"column":62}},"locations":[{"start":{"line":255,"column":56},"end":{"line":255,"column":62}}]},"48":{"type":"branch","line":256,"loc":{"start":{"line":256,"column":30},"end":{"line":256,"column":40}},"locations":[{"start":{"line":256,"column":30},"end":{"line":256,"column":40}}]},"49":{"type":"branch","line":256,"loc":{"start":{"line":256,"column":38},"end":{"line":257,"column":42}},"locations":[{"start":{"line":256,"column":38},"end":{"line":257,"column":42}}]},"50":{"type":"branch","line":260,"loc":{"start":{"line":260,"column":2},"end":{"line":265,"column":3}},"locations":[{"start":{"line":260,"column":2},"end":{"line":265,"column":3}}]},"51":{"type":"branch","line":271,"loc":{"start":{"line":271,"column":2},"end":{"line":287,"column":3}},"locations":[{"start":{"line":271,"column":2},"end":{"line":287,"column":3}}]},"52":{"type":"branch","line":283,"loc":{"start":{"line":283,"column":4},"end":{"line":286,"column":5}},"locations":[{"start":{"line":283,"column":4},"end":{"line":286,"column":5}}]},"53":{"type":"branch","line":289,"loc":{"start":{"line":289,"column":2},"end":{"line":295,"column":3}},"locations":[{"start":{"line":289,"column":2},"end":{"line":295,"column":3}}]},"54":{"type":"branch","line":297,"loc":{"start":{"line":297,"column":2},"end":{"line":302,"column":3}},"locations":[{"start":{"line":297,"column":2},"end":{"line":302,"column":3}}]},"55":{"type":"branch","line":308,"loc":{"start":{"line":308,"column":2},"end":{"line":321,"column":3}},"locations":[{"start":{"line":308,"column":2},"end":{"line":321,"column":3}}]},"56":{"type":"branch","line":323,"loc":{"start":{"line":323,"column":2},"end":{"line":330,"column":3}},"locations":[{"start":{"line":323,"column":2},"end":{"line":330,"column":3}}]},"57":{"type":"branch","line":328,"loc":{"start":{"line":328,"column":30},"end":{"line":328,"column":40}},"locations":[{"start":{"line":328,"column":30},"end":{"line":328,"column":40}}]},"58":{"type":"branch","line":328,"loc":{"start":{"line":328,"column":38},"end":{"line":329,"column":42}},"locations":[{"start":{"line":328,"column":38},"end":{"line":329,"column":42}}]},"59":{"type":"branch","line":332,"loc":{"start":{"line":332,"column":2},"end":{"line":334,"column":3}},"locations":[{"start":{"line":332,"column":2},"end":{"line":334,"column":3}}]},"60":{"type":"branch","line":341,"loc":{"start":{"line":341,"column":2},"end":{"line":346,"column":3}},"locations":[{"start":{"line":341,"column":2},"end":{"line":346,"column":3}}]},"61":{"type":"branch","line":342,"loc":{"start":{"line":342,"column":23},"end":{"line":345,"column":5}},"locations":[{"start":{"line":342,"column":23},"end":{"line":345,"column":5}}]},"62":{"type":"branch","line":348,"loc":{"start":{"line":348,"column":2},"end":{"line":351,"column":3}},"locations":[{"start":{"line":348,"column":2},"end":{"line":351,"column":3}}]},"63":{"type":"branch","line":357,"loc":{"start":{"line":357,"column":10},"end":{"line":365,"column":3}},"locations":[{"start":{"line":357,"column":10},"end":{"line":365,"column":3}}]},"64":{"type":"branch","line":358,"loc":{"start":{"line":358,"column":29},"end":{"line":364,"column":5}},"locations":[{"start":{"line":358,"column":29},"end":{"line":364,"column":5}}]},"65":{"type":"branch","line":360,"loc":{"start":{"line":360,"column":29},"end":{"line":362,"column":7}},"locations":[{"start":{"line":360,"column":29},"end":{"line":362,"column":7}}]}},"b":{"0":[68],"1":[68],"2":[2],"3":[1],"4":[67],"5":[66],"6":[2],"7":[68],"8":[67],"9":[68],"10":[1],"11":[1],"12":[67],"13":[44],"14":[5],"15":[4],"16":[1],"17":[1],"18":[29],"19":[3],"20":[2],"21":[1],"22":[1],"23":[31],"24":[14],"25":[3],"26":[2],"27":[1],"28":[1],"29":[1],"30":[1],"31":[2],"32":[17],"33":[16],"34":[14],"35":[3],"36":[4],"37":[1],"38":[3],"39":[3],"40":[2],"41":[1],"42":[29],"43":[37],"44":[2],"45":[35],"46":[2],"47":[35],"48":[14],"49":[23],"50":[12],"51":[6],"52":[1],"53":[2],"54":[1],"55":[11],"56":[9],"57":[2],"58":[7],"59":[1],"60":[28],"61":[2],"62":[27],"63":[33],"64":[39],"65":[477]},"fnMap":{"0":{"name":"Database","decl":{"start":{"line":6,"column":10},"end":{"line":6,"column":84}},"loc":{"start":{"line":6,"column":10},"end":{"line":6,"column":84}},"line":6},"1":{"name":"open","decl":{"start":{"line":12,"column":2},"end":{"line":30,"column":3}},"loc":{"start":{"line":12,"column":2},"end":{"line":30,"column":3}},"line":12},"2":{"name":"migrate","decl":{"start":{"line":33,"column":10},"end":{"line":38,"column":3}},"loc":{"start":{"line":33,"column":10},"end":{"line":38,"column":3}},"line":33},"3":{"name":"getSchemaVersion","decl":{"start":{"line":40,"column":10},"end":{"line":50,"column":3}},"loc":{"start":{"line":40,"column":10},"end":{"line":50,"column":3}},"line":40},"4":{"name":"insertAgent","decl":{"start":{"line":56,"column":2},"end":{"line":62,"column":3}},"loc":{"start":{"line":56,"column":2},"end":{"line":62,"column":3}},"line":56},"5":{"name":"getAgent","decl":{"start":{"line":64,"column":2},"end":{"line":74,"column":3}},"loc":{"start":{"line":64,"column":2},"end":{"line":74,"column":3}},"line":64},"6":{"name":"updateAgentHeartbeat","decl":{"start":{"line":76,"column":2},"end":{"line":81,"column":3}},"loc":{"start":{"line":76,"column":2},"end":{"line":81,"column":3}},"line":76},"7":{"name":"insertStory","decl":{"start":{"line":87,"column":2},"end":{"line":93,"column":3}},"loc":{"start":{"line":87,"column":2},"end":{"line":93,"column":3}},"line":87},"8":{"name":"getStory","decl":{"start":{"line":95,"column":2},"end":{"line":105,"column":3}},"loc":{"start":{"line":95,"column":2},"end":{"line":105,"column":3}},"line":95},"9":{"name":"updateStoryStatus","decl":{"start":{"line":107,"column":2},"end":{"line":112,"column":3}},"loc":{"start":{"line":107,"column":2},"end":{"line":112,"column":3}},"line":107},"10":{"name":"insertTask","decl":{"start":{"line":118,"column":2},"end":{"line":135,"column":3}},"loc":{"start":{"line":118,"column":2},"end":{"line":135,"column":3}},"line":118},"11":{"name":"getTask","decl":{"start":{"line":137,"column":2},"end":{"line":147,"column":3}},"loc":{"start":{"line":137,"column":2},"end":{"line":147,"column":3}},"line":137},"12":{"name":"updateTaskStatus","decl":{"start":{"line":149,"column":2},"end":{"line":154,"column":3}},"loc":{"start":{"line":149,"column":2},"end":{"line":154,"column":3}},"line":149},"13":{"name":"updateTaskSession","decl":{"start":{"line":156,"column":2},"end":{"line":161,"column":3}},"loc":{"start":{"line":156,"column":2},"end":{"line":161,"column":3}},"line":156},"14":{"name":"getTasksByStory","decl":{"start":{"line":163,"column":2},"end":{"line":172,"column":3}},"loc":{"start":{"line":163,"column":2},"end":{"line":172,"column":3}},"line":163},"15":{"name":"getTaskBySession","decl":{"start":{"line":174,"column":2},"end":{"line":184,"column":3}},"loc":{"start":{"line":174,"column":2},"end":{"line":184,"column":3}},"line":174},"16":{"name":"getRunnableTasks","decl":{"start":{"line":187,"column":2},"end":{"line":202,"column":3}},"loc":{"start":{"line":187,"column":2},"end":{"line":202,"column":3}},"line":187},"17":{"name":"addTaskDependency","decl":{"start":{"line":208,"column":2},"end":{"line":213,"column":3}},"loc":{"start":{"line":208,"column":2},"end":{"line":213,"column":3}},"line":208},"18":{"name":"getTaskDependencies","decl":{"start":{"line":215,"column":2},"end":{"line":224,"column":3}},"loc":{"start":{"line":215,"column":2},"end":{"line":224,"column":3}},"line":215},"19":{"name":"insertEvent","decl":{"start":{"line":230,"column":2},"end":{"line":249,"column":3}},"loc":{"start":{"line":230,"column":2},"end":{"line":249,"column":3}},"line":230},"20":{"name":"getUnprocessedEvents","decl":{"start":{"line":251,"column":2},"end":{"line":258,"column":3}},"loc":{"start":{"line":251,"column":2},"end":{"line":258,"column":3}},"line":251},"21":{"name":"markEventProcessed","decl":{"start":{"line":260,"column":2},"end":{"line":265,"column":3}},"loc":{"start":{"line":260,"column":2},"end":{"line":265,"column":3}},"line":260},"22":{"name":"acquireLease","decl":{"start":{"line":271,"column":2},"end":{"line":287,"column":3}},"loc":{"start":{"line":271,"column":2},"end":{"line":287,"column":3}},"line":271},"23":{"name":"renewLease","decl":{"start":{"line":289,"column":2},"end":{"line":295,"column":3}},"loc":{"start":{"line":289,"column":2},"end":{"line":295,"column":3}},"line":289},"24":{"name":"releaseLease","decl":{"start":{"line":297,"column":2},"end":{"line":302,"column":3}},"loc":{"start":{"line":297,"column":2},"end":{"line":302,"column":3}},"line":297},"25":{"name":"insertInboxMessage","decl":{"start":{"line":308,"column":2},"end":{"line":321,"column":3}},"loc":{"start":{"line":308,"column":2},"end":{"line":321,"column":3}},"line":308},"26":{"name":"getPendingInboxMessages","decl":{"start":{"line":323,"column":2},"end":{"line":330,"column":3}},"loc":{"start":{"line":323,"column":2},"end":{"line":330,"column":3}},"line":323},"27":{"name":"ackInboxMessage","decl":{"start":{"line":332,"column":2},"end":{"line":334,"column":3}},"loc":{"start":{"line":332,"column":2},"end":{"line":334,"column":3}},"line":332},"28":{"name":"save","decl":{"start":{"line":341,"column":2},"end":{"line":346,"column":3}},"loc":{"start":{"line":341,"column":2},"end":{"line":346,"column":3}},"line":341},"29":{"name":"close","decl":{"start":{"line":348,"column":2},"end":{"line":351,"column":3}},"loc":{"start":{"line":348,"column":2},"end":{"line":351,"column":3}},"line":348},"30":{"name":"rowsToObjects","decl":{"start":{"line":357,"column":10},"end":{"line":365,"column":3}},"loc":{"start":{"line":357,"column":10},"end":{"line":365,"column":3}},"line":357}},"f":{"0":68,"1":68,"2":68,"3":68,"4":44,"5":5,"6":1,"7":29,"8":3,"9":1,"10":31,"11":3,"12":1,"13":1,"14":1,"15":17,"16":4,"17":3,"18":2,"19":29,"20":37,"21":12,"22":6,"23":2,"24":1,"25":11,"26":9,"27":1,"28":28,"29":27,"30":33}}
,"C:\\Users\\miche\\Documents\\projects\\jules-daemon\\apps\\jules-daemon\\src\\db\\schema.ts": {"path":"C:\\Users\\miche\\Documents\\projects\\jules-daemon\\apps\\jules-daemon\\src\\db\\schema.ts","all":false,"statementMap":{"8":{"start":{"line":9,"column":0},"end":{"line":9,"column":32}},"10":{"start":{"line":11,"column":0},"end":{"line":11,"column":37}},"12":{"start":{"line":13,"column":0},"end":{"line":13,"column":3}},"94":{"start":{"line":95,"column":0},"end":{"line":95,"column":2}}},"s":{"8":1,"10":1,"12":1,"94":1},"branchMap":{},"b":{},"fnMap":{},"f":{}}
,"C:\\Users\\miche\\Documents\\projects\\jules-daemon\\apps\\jules-daemon\\src\\monitor\\event-router.ts": {"path":"C:\\Users\\miche\\Documents\\projects\\jules-daemon\\apps\\jules-daemon\\src\\monitor\\event-router.ts","all":false,"statementMap":{"1":{"start":{"line":2,"column":0},"end":{"line":2,"column":33}},"10":{"start":{"line":11,"column":0},"end":{"line":11,"column":26}},"11":{"start":{"line":12,"column":0},"end":{"line":12,"column":14}},"12":{"start":{"line":13,"column":0},"end":{"line":13,"column":34}},"13":{"start":{"line":14,"column":0},"end":{"line":14,"column":74}},"14":{"start":{"line":15,"column":0},"end":{"line":15,"column":6}},"17":{"start":{"line":18,"column":0},"end":{"line":18,"column":22}},"18":{"start":{"line":19,"column":0},"end":{"line":19,"column":50}},"19":{"start":{"line":20,"column":0},"end":{"line":20,"column":19}},"20":{"start":{"line":21,"column":0},"end":{"line":21,"column":33}},"21":{"start":{"line":22,"column":0},"end":{"line":22,"column":29}},"22":{"start":{"line":23,"column":0},"end":{"line":23,"column":15}},"23":{"start":{"line":24,"column":0},"end":{"line":24,"column":5}},"24":{"start":{"line":25,"column":0},"end":{"line":25,"column":18}},"25":{"start":{"line":26,"column":0},"end":{"line":26,"column":3}},"28":{"start":{"line":29,"column":0},"end":{"line":29,"column":52}},"29":{"start":{"line":30,"column":0},"end":{"line":30,"column":46}},"30":{"start":{"line":31,"column":0},"end":{"line":31,"column":45}},"31":{"start":{"line":32,"column":0},"end":{"line":32,"column":29}},"33":{"start":{"line":34,"column":0},"end":{"line":34,"column":30}},"35":{"start":{"line":36,"column":0},"end":{"line":36,"column":47}},"36":{"start":{"line":37,"column":0},"end":{"line":37,"column":13}},"37":{"start":{"line":38,"column":0},"end":{"line":38,"column":5}},"40":{"start":{"line":41,"column":0},"end":{"line":41,"column":51}},"41":{"start":{"line":42,"column":0},"end":{"line":42,"column":18}},"42":{"start":{"line":43,"column":0},"end":{"line":43,"column":53}},"43":{"start":{"line":44,"column":0},"end":{"line":44,"column":34}},"44":{"start":{"line":45,"column":0},"end":{"line":45,"column":49}},"45":{"start":{"line":46,"column":0},"end":{"line":46,"column":26}},"46":{"start":{"line":47,"column":0},"end":{"line":47,"column":17}},"47":{"start":{"line":48,"column":0},"end":{"line":48,"column":38}},"48":{"start":{"line":49,"column":0},"end":{"line":49,"column":28}},"49":{"start":{"line":50,"column":0},"end":{"line":50,"column":39}},"50":{"start":{"line":51,"column":0},"end":{"line":51,"column":39}},"51":{"start":{"line":52,"column":0},"end":{"line":52,"column":33}},"52":{"start":{"line":53,"column":0},"end":{"line":53,"column":33}},"53":{"start":{"line":54,"column":0},"end":{"line":54,"column":19}},"54":{"start":{"line":55,"column":0},"end":{"line":55,"column":11}},"55":{"start":{"line":56,"column":0},"end":{"line":56,"column":24}},"56":{"start":{"line":57,"column":0},"end":{"line":57,"column":9}},"57":{"start":{"line":58,"column":0},"end":{"line":58,"column":5}},"59":{"start":{"line":60,"column":0},"end":{"line":60,"column":45}},"60":{"start":{"line":61,"column":0},"end":{"line":61,"column":3}},"61":{"start":{"line":62,"column":0},"end":{"line":62,"column":1}}},"s":{"1":1,"10":1,"11":1,"12":11,"13":11,"14":11,"17":1,"18":10,"19":10,"20":10,"21":10,"22":10,"23":10,"24":10,"25":10,"28":1,"29":11,"30":11,"31":11,"33":11,"35":3,"36":3,"37":3,"40":8,"41":11,"42":7,"43":7,"44":7,"45":7,"46":7,"47":7,"48":7,"49":7,"50":7,"51":7,"52":7,"53":7,"54":7,"55":7,"56":7,"57":7,"59":8,"60":11,"61":1},"branchMap":{"0":{"type":"branch","line":12,"loc":{"start":{"line":12,"column":2},"end":{"line":15,"column":6}},"locations":[{"start":{"line":12,"column":2},"end":{"line":15,"column":6}}]},"1":{"type":"branch","line":14,"loc":{"start":{"line":14,"column":43},"end":{"line":14,"column":74}},"locations":[{"start":{"line":14,"column":43},"end":{"line":14,"column":74}}]},"2":{"type":"branch","line":18,"loc":{"start":{"line":18,"column":2},"end":{"line":26,"column":3}},"locations":[{"start":{"line":18,"column":2},"end":{"line":26,"column":3}}]},"3":{"type":"branch","line":29,"loc":{"start":{"line":29,"column":2},"end":{"line":61,"column":3}},"locations":[{"start":{"line":29,"column":2},"end":{"line":61,"column":3}}]},"4":{"type":"branch","line":34,"loc":{"start":{"line":34,"column":29},"end":{"line":38,"column":5}},"locations":[{"start":{"line":34,"column":29},"end":{"line":38,"column":5}}]},"5":{"type":"branch","line":38,"loc":{"start":{"line":38,"column":4},"end":{"line":42,"column":17}},"locations":[{"start":{"line":38,"column":4},"end":{"line":42,"column":17}}]},"6":{"type":"branch","line":42,"loc":{"start":{"line":42,"column":17},"end":{"line":58,"column":5}},"locations":[{"start":{"line":42,"column":17},"end":{"line":58,"column":5}}]},"7":{"type":"branch","line":43,"loc":{"start":{"line":43,"column":36},"end":{"line":43,"column":51}},"locations":[{"start":{"line":43,"column":36},"end":{"line":43,"column":51}}]},"8":{"type":"branch","line":43,"loc":{"start":{"line":43,"column":46},"end":{"line":43,"column":53}},"locations":[{"start":{"line":43,"column":46},"end":{"line":43,"column":53}}]},"9":{"type":"branch","line":58,"loc":{"start":{"line":58,"column":4},"end":{"line":60,"column":45}},"locations":[{"start":{"line":58,"column":4},"end":{"line":60,"column":45}}]}},"b":{"0":[11],"1":[1],"2":[10],"3":[11],"4":[3],"5":[8],"6":[7],"7":[2],"8":[5],"9":[8]},"fnMap":{"0":{"name":"EventRouter","decl":{"start":{"line":12,"column":2},"end":{"line":15,"column":6}},"loc":{"start":{"line":12,"column":2},"end":{"line":15,"column":6}},"line":12},"1":{"name":"clock","decl":{"start":{"line":14,"column":43},"end":{"line":14,"column":74}},"loc":{"start":{"line":14,"column":43},"end":{"line":14,"column":74}},"line":14},"2":{"name":"routeAll","decl":{"start":{"line":18,"column":2},"end":{"line":26,"column":3}},"loc":{"start":{"line":18,"column":2},"end":{"line":26,"column":3}},"line":18},"3":{"name":"routeEvent","decl":{"start":{"line":29,"column":2},"end":{"line":61,"column":3}},"loc":{"start":{"line":29,"column":2},"end":{"line":61,"column":3}},"line":29}},"f":{"0":11,"1":1,"2":10,"3":11}}
,"C:\\Users\\miche\\Documents\\projects\\jules-daemon\\apps\\jules-daemon\\src\\monitor\\session-monitor.ts": {"path":"C:\\Users\\miche\\Documents\\projects\\jules-daemon\\apps\\jules-daemon\\src\\monitor\\session-monitor.ts","all":false,"statementMap":{"3":{"start":{"line":4,"column":0},"end":{"line":4,"column":33}},"22":{"start":{"line":23,"column":0},"end":{"line":23,"column":29}},"23":{"start":{"line":24,"column":0},"end":{"line":24,"column":42}},"24":{"start":{"line":25,"column":0},"end":{"line":25,"column":40}},"25":{"start":{"line":26,"column":0},"end":{"line":26,"column":62}},"26":{"start":{"line":27,"column":0},"end":{"line":27,"column":54}},"27":{"start":{"line":28,"column":0},"end":{"line":28,"column":27}},"29":{"start":{"line":30,"column":0},"end":{"line":30,"column":14}},"30":{"start":{"line":31,"column":0},"end":{"line":31,"column":34}},"31":{"start":{"line":32,"column":0},"end":{"line":32,"column":41}},"32":{"start":{"line":33,"column":0},"end":{"line":33,"column":74}},"33":{"start":{"line":34,"column":0},"end":{"line":34,"column":27}},"34":{"start":{"line":35,"column":0},"end":{"line":35,"column":5}},"35":{"start":{"line":36,"column":0},"end":{"line":36,"column":59}},"36":{"start":{"line":37,"column":0},"end":{"line":37,"column":51}},"37":{"start":{"line":38,"column":0},"end":{"line":38,"column":3}},"39":{"start":{"line":40,"column":0},"end":{"line":40,"column":26}},"40":{"start":{"line":41,"column":0},"end":{"line":41,"column":25}},"41":{"start":{"line":42,"column":0},"end":{"line":42,"column":3}},"44":{"start":{"line":45,"column":0},"end":{"line":45,"column":87}},"45":{"start":{"line":46,"column":0},"end":{"line":46,"column":33}},"46":{"start":{"line":47,"column":0},"end":{"line":47,"column":16}},"47":{"start":{"line":48,"column":0},"end":{"line":48,"column":35}},"48":{"start":{"line":49,"column":0},"end":{"line":49,"column":38}},"49":{"start":{"line":50,"column":0},"end":{"line":50,"column":7}},"50":{"start":{"line":51,"column":0},"end":{"line":51,"column":3}},"53":{"start":{"line":54,"column":0},"end":{"line":54,"column":43}},"54":{"start":{"line":55,"column":0},"end":{"line":55,"column":35}},"55":{"start":{"line":56,"column":0},"end":{"line":56,"column":3}},"58":{"start":{"line":59,"column":0},"end":{"line":59,"column":36}},"59":{"start":{"line":60,"column":0},"end":{"line":60,"column":36}},"60":{"start":{"line":61,"column":0},"end":{"line":61,"column":3}},"63":{"start":{"line":64,"column":0},"end":{"line":64,"column":17}},"64":{"start":{"line":65,"column":0},"end":{"line":65,"column":30}},"65":{"start":{"line":66,"column":0},"end":{"line":66,"column":25}},"66":{"start":{"line":67,"column":0},"end":{"line":67,"column":77}},"67":{"start":{"line":68,"column":0},"end":{"line":68,"column":3}},"70":{"start":{"line":71,"column":0},"end":{"line":71,"column":16}},"71":{"start":{"line":72,"column":0},"end":{"line":72,"column":26}},"72":{"start":{"line":73,"column":0},"end":{"line":73,"column":21}},"73":{"start":{"line":74,"column":0},"end":{"line":74,"column":32}},"74":{"start":{"line":75,"column":0},"end":{"line":75,"column":24}},"75":{"start":{"line":76,"column":0},"end":{"line":76,"column":5}},"76":{"start":{"line":77,"column":0},"end":{"line":77,"column":3}},"79":{"start":{"line":80,"column":0},"end":{"line":80,"column":34}},"80":{"start":{"line":81,"column":0},"end":{"line":81,"column":48}},"81":{"start":{"line":82,"column":0},"end":{"line":82,"column":45}},"82":{"start":{"line":83,"column":0},"end":{"line":83,"column":51}},"83":{"start":{"line":84,"column":0},"end":{"line":84,"column":6}},"84":{"start":{"line":85,"column":0},"end":{"line":85,"column":35}},"85":{"start":{"line":86,"column":0},"end":{"line":86,"column":41}},"87":{"start":{"line":88,"column":0},"end":{"line":88,"column":60}},"88":{"start":{"line":89,"column":0},"end":{"line":89,"column":7}},"89":{"start":{"line":90,"column":0},"end":{"line":90,"column":5}},"90":{"start":{"line":91,"column":0},"end":{"line":91,"column":3}},"93":{"start":{"line":94,"column":0},"end":{"line":94,"column":55}},"94":{"start":{"line":95,"column":0},"end":{"line":95,"column":46}},"95":{"start":{"line":96,"column":0},"end":{"line":96,"column":23}},"97":{"start":{"line":98,"column":0},"end":{"line":98,"column":57}},"98":{"start":{"line":99,"column":0},"end":{"line":99,"column":47}},"99":{"start":{"line":100,"column":0},"end":{"line":100,"column":39}},"101":{"start":{"line":102,"column":0},"end":{"line":102,"column":41}},"102":{"start":{"line":103,"column":0},"end":{"line":103,"column":42}},"103":{"start":{"line":104,"column":0},"end":{"line":104,"column":45}},"104":{"start":{"line":105,"column":0},"end":{"line":105,"column":55}},"105":{"start":{"line":106,"column":0},"end":{"line":106,"column":12}},"107":{"start":{"line":108,"column":0},"end":{"line":108,"column":29}},"108":{"start":{"line":109,"column":0},"end":{"line":109,"column":5}},"111":{"start":{"line":112,"column":0},"end":{"line":112,"column":100}},"112":{"start":{"line":113,"column":0},"end":{"line":113,"column":37}},"113":{"start":{"line":114,"column":0},"end":{"line":114,"column":5}},"114":{"start":{"line":115,"column":0},"end":{"line":115,"column":3}},"116":{"start":{"line":117,"column":0},"end":{"line":117,"column":94}},"117":{"start":{"line":118,"column":0},"end":{"line":118,"column":61}},"118":{"start":{"line":119,"column":0},"end":{"line":119,"column":59}},"119":{"start":{"line":120,"column":0},"end":{"line":120,"column":27}},"121":{"start":{"line":122,"column":0},"end":{"line":122,"column":65}},"123":{"start":{"line":124,"column":0},"end":{"line":124,"column":25}},"124":{"start":{"line":125,"column":0},"end":{"line":125,"column":45}},"125":{"start":{"line":126,"column":0},"end":{"line":126,"column":28}},"126":{"start":{"line":127,"column":0},"end":{"line":127,"column":37}},"127":{"start":{"line":128,"column":0},"end":{"line":128,"column":45}},"128":{"start":{"line":129,"column":0},"end":{"line":129,"column":47}},"129":{"start":{"line":130,"column":0},"end":{"line":130,"column":51}},"130":{"start":{"line":131,"column":0},"end":{"line":131,"column":59}},"131":{"start":{"line":132,"column":0},"end":{"line":132,"column":15}},"132":{"start":{"line":133,"column":0},"end":{"line":133,"column":15}},"133":{"start":{"line":134,"column":0},"end":{"line":134,"column":80}},"134":{"start":{"line":135,"column":0},"end":{"line":135,"column":32}},"135":{"start":{"line":136,"column":0},"end":{"line":136,"column":7}},"136":{"start":{"line":137,"column":0},"end":{"line":137,"column":3}},"138":{"start":{"line":139,"column":0},"end":{"line":139,"column":51}},"139":{"start":{"line":140,"column":0},"end":{"line":140,"column":51}},"141":{"start":{"line":142,"column":0},"end":{"line":142,"column":72}},"142":{"start":{"line":143,"column":0},"end":{"line":143,"column":49}},"143":{"start":{"line":144,"column":0},"end":{"line":144,"column":60}},"145":{"start":{"line":146,"column":0},"end":{"line":146,"column":46}},"146":{"start":{"line":147,"column":0},"end":{"line":147,"column":60}},"148":{"start":{"line":149,"column":0},"end":{"line":149,"column":27}},"149":{"start":{"line":150,"column":0},"end":{"line":150,"column":47}},"150":{"start":{"line":151,"column":0},"end":{"line":151,"column":28}},"151":{"start":{"line":152,"column":0},"end":{"line":152,"column":36}},"152":{"start":{"line":153,"column":0},"end":{"line":153,"column":47}},"153":{"start":{"line":154,"column":0},"end":{"line":154,"column":49}},"154":{"start":{"line":155,"column":0},"end":{"line":155,"column":53}},"155":{"start":{"line":156,"column":0},"end":{"line":156,"column":61}},"156":{"start":{"line":157,"column":0},"end":{"line":157,"column":28}},"157":{"start":{"line":158,"column":0},"end":{"line":158,"column":26}},"158":{"start":{"line":159,"column":0},"end":{"line":159,"column":105}},"159":{"start":{"line":160,"column":0},"end":{"line":160,"column":34}},"160":{"start":{"line":161,"column":0},"end":{"line":161,"column":9}},"163":{"start":{"line":164,"column":0},"end":{"line":164,"column":45}},"164":{"start":{"line":165,"column":0},"end":{"line":165,"column":5}},"165":{"start":{"line":166,"column":0},"end":{"line":166,"column":3}},"167":{"start":{"line":168,"column":0},"end":{"line":168,"column":69}},"168":{"start":{"line":169,"column":0},"end":{"line":169,"column":20}},"169":{"start":{"line":170,"column":0},"end":{"line":170,"column":23}},"170":{"start":{"line":171,"column":0},"end":{"line":171,"column":27}},"171":{"start":{"line":172,"column":0},"end":{"line":172,"column":20}},"172":{"start":{"line":173,"column":0},"end":{"line":173,"column":24}},"173":{"start":{"line":174,"column":0},"end":{"line":174,"column":23}},"174":{"start":{"line":175,"column":0},"end":{"line":175,"column":24}},"175":{"start":{"line":176,"column":0},"end":{"line":176,"column":36}},"176":{"start":{"line":177,"column":0},"end":{"line":177,"column":26}},"177":{"start":{"line":178,"column":0},"end":{"line":178,"column":14}},"178":{"start":{"line":179,"column":0},"end":{"line":179,"column":20}},"179":{"start":{"line":180,"column":0},"end":{"line":180,"column":5}},"180":{"start":{"line":181,"column":0},"end":{"line":181,"column":3}},"182":{"start":{"line":183,"column":0},"end":{"line":183,"column":129}},"183":{"start":{"line":184,"column":0},"end":{"line":184,"column":24}},"184":{"start":{"line":185,"column":0},"end":{"line":185,"column":23}},"185":{"start":{"line":186,"column":0},"end":{"line":186,"column":54}},"186":{"start":{"line":187,"column":0},"end":{"line":187,"column":20}},"187":{"start":{"line":188,"column":0},"end":{"line":188,"column":59}},"188":{"start":{"line":189,"column":0},"end":{"line":189,"column":22}},"189":{"start":{"line":190,"column":0},"end":{"line":190,"column":19}},"190":{"start":{"line":191,"column":0},"end":{"line":191,"column":58}},"191":{"start":{"line":192,"column":0},"end":{"line":192,"column":14}},"192":{"start":{"line":193,"column":0},"end":{"line":193,"column":54}},"193":{"start":{"line":194,"column":0},"end":{"line":194,"column":5}},"194":{"start":{"line":195,"column":0},"end":{"line":195,"column":3}},"196":{"start":{"line":197,"column":0},"end":{"line":197,"column":86}},"197":{"start":{"line":198,"column":0},"end":{"line":198,"column":47}},"198":{"start":{"line":199,"column":0},"end":{"line":199,"column":3}},"199":{"start":{"line":200,"column":0},"end":{"line":200,"column":1}}},"s":{"3":1,"22":1,"23":26,"24":26,"25":26,"26":26,"27":26,"29":26,"30":26,"31":26,"32":26,"33":26,"34":26,"35":26,"36":26,"37":26,"39":26,"40":6,"41":6,"44":26,"45":21,"46":21,"47":21,"48":21,"49":21,"50":21,"53":26,"54":1,"55":1,"58":26,"59":7,"60":7,"63":26,"64":3,"65":2,"66":2,"67":3,"70":26,"71":26,"72":26,"73":2,"74":2,"75":2,"76":26,"79":26,"80":18,"81":18,"82":18,"83":18,"84":18,"85":20,"87":1,"88":1,"89":20,"90":18,"93":26,"94":21,"95":21,"97":20,"98":19,"99":19,"101":21,"102":12,"103":12,"104":12,"105":21,"107":7,"108":7,"111":21,"112":9,"113":9,"114":21,"116":26,"117":12,"118":12,"119":12,"121":11,"123":11,"124":11,"125":11,"126":11,"127":12,"128":12,"129":12,"130":12,"131":12,"132":12,"133":12,"134":12,"135":12,"136":12,"138":26,"139":7,"141":6,"142":6,"143":6,"145":7,"146":3,"148":3,"149":3,"150":3,"151":3,"152":3,"153":3,"154":3,"155":3,"156":3,"157":3,"158":3,"159":3,"160":3,"163":3,"164":3,"165":7,"167":26,"168":12,"169":12,"170":5,"171":12,"172":2,"173":12,"174":2,"175":12,"176":2,"177":12,"178":1,"179":12,"180":12,"182":26,"183":11,"184":11,"185":5,"186":11,"187":4,"188":11,"189":11,"190":2,"191":11,"192":0,"193":11,"194":11,"196":26,"197":15,"198":15,"199":26},"branchMap":{"0":{"type":"branch","line":23,"loc":{"start":{"line":23,"column":28},"end":{"line":200,"column":1}},"locations":[{"start":{"line":23,"column":28},"end":{"line":200,"column":1}}]},"1":{"type":"branch","line":30,"loc":{"start":{"line":30,"column":2},"end":{"line":38,"column":3}},"locations":[{"start":{"line":30,"column":2},"end":{"line":38,"column":3}}]},"2":{"type":"branch","line":36,"loc":{"start":{"line":36,"column":26},"end":{"line":36,"column":52}},"locations":[{"start":{"line":36,"column":26},"end":{"line":36,"column":52}}]},"3":{"type":"branch","line":36,"loc":{"start":{"line":36,"column":34},"end":{"line":36,"column":59}},"locations":[{"start":{"line":36,"column":34},"end":{"line":36,"column":59}}]},"4":{"type":"branch","line":37,"loc":{"start":{"line":37,"column":24},"end":{"line":37,"column":48}},"locations":[{"start":{"line":37,"column":24},"end":{"line":37,"column":48}}]},"5":{"type":"branch","line":37,"loc":{"start":{"line":37,"column":32},"end":{"line":37,"column":51}},"locations":[{"start":{"line":37,"column":32},"end":{"line":37,"column":51}}]},"6":{"type":"branch","line":33,"loc":{"start":{"line":33,"column":43},"end":{"line":33,"column":74}},"locations":[{"start":{"line":33,"column":43},"end":{"line":33,"column":74}}]},"7":{"type":"branch","line":40,"loc":{"start":{"line":40,"column":2},"end":{"line":42,"column":3}},"locations":[{"start":{"line":40,"column":2},"end":{"line":42,"column":3}}]},"8":{"type":"branch","line":45,"loc":{"start":{"line":45,"column":2},"end":{"line":51,"column":3}},"locations":[{"start":{"line":45,"column":2},"end":{"line":51,"column":3}}]},"9":{"type":"branch","line":54,"loc":{"start":{"line":54,"column":2},"end":{"line":56,"column":3}},"locations":[{"start":{"line":54,"column":2},"end":{"line":56,"column":3}}]},"10":{"type":"branch","line":59,"loc":{"start":{"line":59,"column":2},"end":{"line":61,"column":3}},"locations":[{"start":{"line":59,"column":2},"end":{"line":61,"column":3}}]},"11":{"type":"branch","line":64,"loc":{"start":{"line":64,"column":2},"end":{"line":68,"column":3}},"locations":[{"start":{"line":64,"column":2},"end":{"line":68,"column":3}}]},"12":{"type":"branch","line":65,"loc":{"start":{"line":65,"column":23},"end":{"line":65,"column":30}},"locations":[{"start":{"line":65,"column":23},"end":{"line":65,"column":30}}]},"13":{"type":"branch","line":65,"loc":{"start":{"line":65,"column":23},"end":{"line":67,"column":77}},"locations":[{"start":{"line":65,"column":23},"end":{"line":67,"column":77}}]},"14":{"type":"branch","line":71,"loc":{"start":{"line":71,"column":2},"end":{"line":77,"column":3}},"locations":[{"start":{"line":71,"column":2},"end":{"line":77,"column":3}}]},"15":{"type":"branch","line":73,"loc":{"start":{"line":73,"column":20},"end":{"line":76,"column":5}},"locations":[{"start":{"line":73,"column":20},"end":{"line":76,"column":5}}]},"16":{"type":"branch","line":80,"loc":{"start":{"line":80,"column":2},"end":{"line":91,"column":3}},"locations":[{"start":{"line":80,"column":2},"end":{"line":91,"column":3}}]},"17":{"type":"branch","line":85,"loc":{"start":{"line":85,"column":34},"end":{"line":90,"column":5}},"locations":[{"start":{"line":85,"column":34},"end":{"line":90,"column":5}}]},"18":{"type":"branch","line":86,"loc":{"start":{"line":86,"column":40},"end":{"line":89,"column":7}},"locations":[{"start":{"line":86,"column":40},"end":{"line":89,"column":7}}]},"19":{"type":"branch","line":83,"loc":{"start":{"line":83,"column":21},"end":{"line":83,"column":49}},"locations":[{"start":{"line":83,"column":21},"end":{"line":83,"column":49}}]},"20":{"type":"branch","line":94,"loc":{"start":{"line":94,"column":2},"end":{"line":115,"column":3}},"locations":[{"start":{"line":94,"column":2},"end":{"line":115,"column":3}}]},"21":{"type":"branch","line":96,"loc":{"start":{"line":96,"column":16},"end":{"line":96,"column":23}},"locations":[{"start":{"line":96,"column":16},"end":{"line":96,"column":23}}]},"22":{"type":"branch","line":96,"loc":{"start":{"line":96,"column":16},"end":{"line":98,"column":57}},"locations":[{"start":{"line":96,"column":16},"end":{"line":98,"column":57}}]},"23":{"type":"branch","line":98,"loc":{"start":{"line":98,"column":55},"end":{"line":102,"column":40}},"locations":[{"start":{"line":98,"column":55},"end":{"line":102,"column":40}}]},"24":{"type":"branch","line":102,"loc":{"start":{"line":102,"column":40},"end":{"line":106,"column":11}},"locations":[{"start":{"line":102,"column":40},"end":{"line":106,"column":11}}]},"25":{"type":"branch","line":106,"loc":{"start":{"line":106,"column":4},"end":{"line":109,"column":5}},"locations":[{"start":{"line":106,"column":4},"end":{"line":109,"column":5}}]},"26":{"type":"branch","line":109,"loc":{"start":{"line":109,"column":4},"end":{"line":112,"column":40}},"locations":[{"start":{"line":109,"column":4},"end":{"line":112,"column":40}}]},"27":{"type":"branch","line":112,"loc":{"start":{"line":112,"column":25},"end":{"line":112,"column":69}},"locations":[{"start":{"line":112,"column":25},"end":{"line":112,"column":69}}]},"28":{"type":"branch","line":112,"loc":{"start":{"line":112,"column":57},"end":{"line":112,"column":99}},"locations":[{"start":{"line":112,"column":57},"end":{"line":112,"column":99}}]},"29":{"type":"branch","line":112,"loc":{"start":{"line":112,"column":99},"end":{"line":114,"column":5}},"locations":[{"start":{"line":112,"column":99},"end":{"line":114,"column":5}}]},"30":{"type":"branch","line":117,"loc":{"start":{"line":117,"column":10},"end":{"line":137,"column":3}},"locations":[{"start":{"line":117,"column":10},"end":{"line":137,"column":3}}]},"31":{"type":"branch","line":120,"loc":{"start":{"line":120,"column":20},"end":{"line":120,"column":27}},"locations":[{"start":{"line":120,"column":20},"end":{"line":120,"column":27}}]},"32":{"type":"branch","line":120,"loc":{"start":{"line":120,"column":20},"end":{"line":128,"column":21}},"locations":[{"start":{"line":120,"column":20},"end":{"line":128,"column":21}}]},"33":{"type":"branch","line":128,"loc":{"start":{"line":128,"column":15},"end":{"line":128,"column":42}},"locations":[{"start":{"line":128,"column":15},"end":{"line":128,"column":42}}]},"34":{"type":"branch","line":128,"loc":{"start":{"line":128,"column":21},"end":{"line":128,"column":45}},"locations":[{"start":{"line":128,"column":21},"end":{"line":128,"column":45}}]},"35":{"type":"branch","line":129,"loc":{"start":{"line":129,"column":16},"end":{"line":129,"column":44}},"locations":[{"start":{"line":129,"column":16},"end":{"line":129,"column":44}}]},"36":{"type":"branch","line":129,"loc":{"start":{"line":129,"column":22},"end":{"line":129,"column":47}},"locations":[{"start":{"line":129,"column":22},"end":{"line":129,"column":47}}]},"37":{"type":"branch","line":130,"loc":{"start":{"line":130,"column":18},"end":{"line":130,"column":48}},"locations":[{"start":{"line":130,"column":18},"end":{"line":130,"column":48}}]},"38":{"type":"branch","line":130,"loc":{"start":{"line":130,"column":24},"end":{"line":130,"column":51}},"locations":[{"start":{"line":130,"column":24},"end":{"line":130,"column":51}}]},"39":{"type":"branch","line":131,"loc":{"start":{"line":131,"column":22},"end":{"line":131,"column":56}},"locations":[{"start":{"line":131,"column":22},"end":{"line":131,"column":56}}]},"40":{"type":"branch","line":131,"loc":{"start":{"line":131,"column":28},"end":{"line":131,"column":59}},"locations":[{"start":{"line":131,"column":28},"end":{"line":131,"column":59}}]},"41":{"type":"branch","line":139,"loc":{"start":{"line":139,"column":10},"end":{"line":166,"column":3}},"locations":[{"start":{"line":139,"column":10},"end":{"line":166,"column":3}}]},"42":{"type":"branch","line":140,"loc":{"start":{"line":140,"column":44},"end":{"line":140,"column":51}},"locations":[{"start":{"line":140,"column":44},"end":{"line":140,"column":51}}]},"43":{"type":"branch","line":140,"loc":{"start":{"line":140,"column":44},"end":{"line":146,"column":45}},"locations":[{"start":{"line":140,"column":44},"end":{"line":146,"column":45}}]},"44":{"type":"branch","line":146,"loc":{"start":{"line":146,"column":45},"end":{"line":165,"column":5}},"locations":[{"start":{"line":146,"column":45},"end":{"line":165,"column":5}}]},"45":{"type":"branch","line":153,"loc":{"start":{"line":153,"column":23},"end":{"line":153,"column":47}},"locations":[{"start":{"line":153,"column":23},"end":{"line":153,"column":47}}]},"46":{"type":"branch","line":154,"loc":{"start":{"line":154,"column":24},"end":{"line":154,"column":49}},"locations":[{"start":{"line":154,"column":24},"end":{"line":154,"column":49}}]},"47":{"type":"branch","line":155,"loc":{"start":{"line":155,"column":26},"end":{"line":155,"column":53}},"locations":[{"start":{"line":155,"column":26},"end":{"line":155,"column":53}}]},"48":{"type":"branch","line":156,"loc":{"start":{"line":156,"column":30},"end":{"line":156,"column":61}},"locations":[{"start":{"line":156,"column":30},"end":{"line":156,"column":61}}]},"49":{"type":"branch","line":168,"loc":{"start":{"line":168,"column":10},"end":{"line":181,"column":3}},"locations":[{"start":{"line":168,"column":10},"end":{"line":181,"column":3}}]},"50":{"type":"branch","line":170,"loc":{"start":{"line":170,"column":6},"end":{"line":171,"column":27}},"locations":[{"start":{"line":170,"column":6},"end":{"line":171,"column":27}}]},"51":{"type":"branch","line":172,"loc":{"start":{"line":172,"column":6},"end":{"line":173,"column":24}},"locations":[{"start":{"line":172,"column":6},"end":{"line":173,"column":24}}]},"52":{"type":"branch","line":174,"loc":{"start":{"line":174,"column":6},"end":{"line":175,"column":24}},"locations":[{"start":{"line":174,"column":6},"end":{"line":175,"column":24}}]},"53":{"type":"branch","line":176,"loc":{"start":{"line":176,"column":6},"end":{"line":177,"column":26}},"locations":[{"start":{"line":176,"column":6},"end":{"line":177,"column":26}}]},"54":{"type":"branch","line":178,"loc":{"start":{"line":178,"column":6},"end":{"line":179,"column":20}},"locations":[{"start":{"line":178,"column":6},"end":{"line":179,"column":20}}]},"55":{"type":"branch","line":183,"loc":{"start":{"line":183,"column":10},"end":{"line":195,"column":3}},"locations":[{"start":{"line":183,"column":10},"end":{"line":195,"column":3}}]},"56":{"type":"branch","line":185,"loc":{"start":{"line":185,"column":6},"end":{"line":186,"column":54}},"locations":[{"start":{"line":185,"column":6},"end":{"line":186,"column":54}}]},"57":{"type":"branch","line":187,"loc":{"start":{"line":187,"column":6},"end":{"line":188,"column":59}},"locations":[{"start":{"line":187,"column":6},"end":{"line":188,"column":59}}]},"58":{"type":"branch","line":189,"loc":{"start":{"line":189,"column":6},"end":{"line":189,"column":22}},"locations":[{"start":{"line":189,"column":6},"end":{"line":189,"column":22}}]},"59":{"type":"branch","line":190,"loc":{"start":{"line":190,"column":6},"end":{"line":191,"column":58}},"locations":[{"start":{"line":190,"column":6},"end":{"line":191,"column":58}}]},"60":{"type":"branch","line":192,"loc":{"start":{"line":192,"column":6},"end":{"line":193,"column":54}},"locations":[{"start":{"line":192,"column":6},"end":{"line":193,"column":54}}]},"61":{"type":"branch","line":197,"loc":{"start":{"line":197,"column":10},"end":{"line":199,"column":3}},"locations":[{"start":{"line":197,"column":10},"end":{"line":199,"column":3}}]}},"b":{"0":[26],"1":[26],"2":[24],"3":[2],"4":[24],"5":[2],"6":[1],"7":[6],"8":[21],"9":[1],"10":[7],"11":[3],"12":[1],"13":[2],"14":[26],"15":[2],"16":[18],"17":[20],"18":[1],"19":[20],"20":[21],"21":[1],"22":[20],"23":[19],"24":[12],"25":[7],"26":[19],"27":[14],"28":[12],"29":[9],"30":[12],"31":[1],"32":[11],"33":[9],"34":[2],"35":[9],"36":[2],"37":[9],"38":[2],"39":[9],"40":[2],"41":[7],"42":[1],"43":[6],"44":[3],"45":[0],"46":[0],"47":[0],"48":[0],"49":[12],"50":[5],"51":[2],"52":[2],"53":[2],"54":[1],"55":[11],"56":[5],"57":[4],"58":[2],"59":[2],"60":[0],"61":[15]},"fnMap":{"0":{"name":"<instance_members_initializer>","decl":{"start":{"line":23,"column":28},"end":{"line":200,"column":1}},"loc":{"start":{"line":23,"column":28},"end":{"line":200,"column":1}},"line":23},"1":{"name":"SessionMonitor","decl":{"start":{"line":30,"column":2},"end":{"line":38,"column":3}},"loc":{"start":{"line":30,"column":2},"end":{"line":38,"column":3}},"line":30},"2":{"name":"clock","decl":{"start":{"line":33,"column":43},"end":{"line":33,"column":74}},"loc":{"start":{"line":33,"column":43},"end":{"line":33,"column":74}},"line":33},"3":{"name":"get running","decl":{"start":{"line":40,"column":2},"end":{"line":42,"column":3}},"loc":{"start":{"line":40,"column":2},"end":{"line":42,"column":3}},"line":40},"4":{"name":"trackSession","decl":{"start":{"line":45,"column":2},"end":{"line":51,"column":3}},"loc":{"start":{"line":45,"column":2},"end":{"line":51,"column":3}},"line":45},"5":{"name":"untrackSession","decl":{"start":{"line":54,"column":2},"end":{"line":56,"column":3}},"loc":{"start":{"line":54,"column":2},"end":{"line":56,"column":3}},"line":54},"6":{"name":"getTrackedSessionIds","decl":{"start":{"line":59,"column":2},"end":{"line":61,"column":3}},"loc":{"start":{"line":59,"column":2},"end":{"line":61,"column":3}},"line":59},"7":{"name":"start","decl":{"start":{"line":64,"column":2},"end":{"line":68,"column":3}},"loc":{"start":{"line":64,"column":2},"end":{"line":68,"column":3}},"line":64},"8":{"name":"stop","decl":{"start":{"line":71,"column":2},"end":{"line":77,"column":3}},"loc":{"start":{"line":71,"column":2},"end":{"line":77,"column":3}},"line":71},"9":{"name":"pollAll","decl":{"start":{"line":80,"column":2},"end":{"line":91,"column":3}},"loc":{"start":{"line":80,"column":2},"end":{"line":91,"column":3}},"line":80},"10":{"name":"pollSession","decl":{"start":{"line":94,"column":2},"end":{"line":115,"column":3}},"loc":{"start":{"line":94,"column":2},"end":{"line":115,"column":3}},"line":94},"11":{"name":"emitTransitionEvent","decl":{"start":{"line":117,"column":10},"end":{"line":137,"column":3}},"loc":{"start":{"line":117,"column":10},"end":{"line":137,"column":3}},"line":117},"12":{"name":"checkStuck","decl":{"start":{"line":139,"column":10},"end":{"line":166,"column":3}},"loc":{"start":{"line":139,"column":10},"end":{"line":166,"column":3}},"line":139},"13":{"name":"stateToEventType","decl":{"start":{"line":168,"column":10},"end":{"line":181,"column":3}},"loc":{"start":{"line":168,"column":10},"end":{"line":181,"column":3}},"line":168},"14":{"name":"classifyEvent","decl":{"start":{"line":183,"column":10},"end":{"line":195,"column":3}},"loc":{"start":{"line":183,"column":10},"end":{"line":195,"column":3}},"line":183},"15":{"name":"findTaskForSession","decl":{"start":{"line":197,"column":10},"end":{"line":199,"column":3}},"loc":{"start":{"line":197,"column":10},"end":{"line":199,"column":3}},"line":197}},"f":{"0":26,"1":26,"2":1,"3":6,"4":21,"5":1,"6":7,"7":3,"8":26,"9":18,"10":21,"11":12,"12":7,"13":12,"14":11,"15":15}}
,"C:\\Users\\miche\\Documents\\projects\\jules-daemon\\packages\\contracts\\src\\agent.ts": {"path":"C:\\Users\\miche\\Documents\\projects\\jules-daemon\\packages\\contracts\\src\\agent.ts","all":false,"statementMap":{"0":{"start":{"line":1,"column":0},"end":{"line":1,"column":24}},"2":{"start":{"line":3,"column":0},"end":{"line":3,"column":39}},"3":{"start":{"line":4,"column":0},"end":{"line":4,"column":23}},"4":{"start":{"line":5,"column":0},"end":{"line":5,"column":22}},"5":{"start":{"line":6,"column":0},"end":{"line":6,"column":25}},"6":{"start":{"line":7,"column":0},"end":{"line":7,"column":40}},"7":{"start":{"line":8,"column":0},"end":{"line":8,"column":43}},"8":{"start":{"line":9,"column":0},"end":{"line":9,"column":3}}},"s":{"0":1,"2":1,"3":1,"4":1,"5":1,"6":1,"7":1,"8":1},"branchMap":{},"b":{},"fnMap":{},"f":{}}
,"C:\\Users\\miche\\Documents\\projects\\jules-daemon\\packages\\contracts\\src\\event.ts": {"path":"C:\\Users\\miche\\Documents\\projects\\jules-daemon\\packages\\contracts\\src\\event.ts","all":false,"statementMap":{"0":{"start":{"line":1,"column":0},"end":{"line":1,"column":24}},"2":{"start":{"line":3,"column":0},"end":{"line":3,"column":39}},"3":{"start":{"line":4,"column":0},"end":{"line":4,"column":23}},"4":{"start":{"line":5,"column":0},"end":{"line":5,"column":22}},"5":{"start":{"line":6,"column":0},"end":{"line":6,"column":15}},"6":{"start":{"line":7,"column":0},"end":{"line":7,"column":16}},"7":{"start":{"line":8,"column":0},"end":{"line":8,"column":13}},"8":{"start":{"line":9,"column":0},"end":{"line":9,"column":12}},"9":{"start":{"line":10,"column":0},"end":{"line":10,"column":23}},"10":{"start":{"line":11,"column":0},"end":{"line":11,"column":5}},"11":{"start":{"line":12,"column":0},"end":{"line":12,"column":25}},"12":{"start":{"line":13,"column":0},"end":{"line":13,"column":22}},"13":{"start":{"line":14,"column":0},"end":{"line":14,"column":23}},"14":{"start":{"line":15,"column":0},"end":{"line":15,"column":25}},"15":{"start":{"line":16,"column":0},"end":{"line":16,"column":29}},"16":{"start":{"line":17,"column":0},"end":{"line":17,"column":52}},"17":{"start":{"line":18,"column":0},"end":{"line":18,"column":47}},"18":{"start":{"line":19,"column":0},"end":{"line":19,"column":22}},"19":{"start":{"line":20,"column":0},"end":{"line":20,"column":37}},"20":{"start":{"line":21,"column":0},"end":{"line":21,"column":37}},"21":{"start":{"line":22,"column":0},"end":{"line":22,"column":3}}},"s":{"0":1,"2":1,"3":1,"4":1,"5":1,"6":1,"7":1,"8":1,"9":1,"10":1,"11":1,"12":1,"13":1,"14":1,"15":1,"16":1,"17":1,"18":1,"19":1,"20":1,"21":1},"branchMap":{},"b":{},"fnMap":{},"f":{}}
,"C:\\Users\\miche\\Documents\\projects\\jules-daemon\\packages\\contracts\\src\\session.ts": {"path":"C:\\Users\\miche\\Documents\\projects\\jules-daemon\\packages\\contracts\\src\\session.ts","all":false,"statementMap":{"0":{"start":{"line":1,"column":0},"end":{"line":1,"column":24}},"3":{"start":{"line":4,"column":0},"end":{"line":4,"column":41}},"4":{"start":{"line":5,"column":0},"end":{"line":5,"column":13}},"5":{"start":{"line":6,"column":0},"end":{"line":6,"column":12}},"6":{"start":{"line":7,"column":0},"end":{"line":7,"column":27}},"7":{"start":{"line":8,"column":0},"end":{"line":8,"column":14}},"8":{"start":{"line":9,"column":0},"end":{"line":9,"column":11}},"9":{"start":{"line":10,"column":0},"end":{"line":10,"column":14}},"10":{"start":{"line":11,"column":0},"end":{"line":11,"column":3}},"15":{"start":{"line":16,"column":0},"end":{"line":16,"column":44}},"16":{"start":{"line":17,"column":0},"end":{"line":17,"column":25}},"17":{"start":{"line":18,"column":0},"end":{"line":18,"column":27}},"18":{"start":{"line":19,"column":0},"end":{"line":19,"column":31}},"19":{"start":{"line":20,"column":0},"end":{"line":20,"column":30}},"20":{"start":{"line":21,"column":0},"end":{"line":21,"column":32}},"21":{"start":{"line":22,"column":0},"end":{"line":22,"column":32}},"22":{"start":{"line":23,"column":0},"end":{"line":23,"column":36}},"23":{"start":{"line":24,"column":0},"end":{"line":24,"column":3}}},"s":{"0":1,"3":1,"4":1,"5":1,"6":1,"7":1,"8":1,"9":1,"10":1,"15":1,"16":1,"17":1,"18":1,"19":1,"20":1,"21":1,"22":1,"23":1},"branchMap":{},"b":{},"fnMap":{},"f":{}}
,"C:\\Users\\miche\\Documents\\projects\\jules-daemon\\packages\\contracts\\src\\story.ts": {"path":"C:\\Users\\miche\\Documents\\projects\\jules-daemon\\packages\\contracts\\src\\story.ts","all":false,"statementMap":{"0":{"start":{"line":1,"column":0},"end":{"line":1,"column":24}},"2":{"start":{"line":3,"column":0},"end":{"line":3,"column":39}},"3":{"start":{"line":4,"column":0},"end":{"line":4,"column":23}},"4":{"start":{"line":5,"column":0},"end":{"line":5,"column":25}},"5":{"start":{"line":6,"column":0},"end":{"line":6,"column":50}},"6":{"start":{"line":7,"column":0},"end":{"line":7,"column":36}},"7":{"start":{"line":8,"column":0},"end":{"line":8,"column":36}},"8":{"start":{"line":9,"column":0},"end":{"line":9,"column":3}}},"s":{"0":1,"2":1,"3":1,"4":1,"5":1,"6":1,"7":1,"8":1},"branchMap":{},"b":{},"fnMap":{},"f":{}}
,"C:\\Users\\miche\\Documents\\projects\\jules-daemon\\packages\\contracts\\src\\task.ts": {"path":"C:\\Users\\miche\\Documents\\projects\\jules-daemon\\packages\\contracts\\src\\task.ts","all":false,"statementMap":{"0":{"start":{"line":1,"column":0},"end":{"line":1,"column":24}},"2":{"start":{"line":3,"column":0},"end":{"line":3,"column":34}},"3":{"start":{"line":4,"column":0},"end":{"line":4,"column":12}},"4":{"start":{"line":5,"column":0},"end":{"line":5,"column":12}},"5":{"start":{"line":6,"column":0},"end":{"line":6,"column":12}},"6":{"start":{"line":7,"column":0},"end":{"line":7,"column":9}},"7":{"start":{"line":8,"column":0},"end":{"line":8,"column":11}},"8":{"start":{"line":9,"column":0},"end":{"line":9,"column":14}},"9":{"start":{"line":10,"column":0},"end":{"line":10,"column":3}},"11":{"start":{"line":12,"column":0},"end":{"line":12,"column":38}},"12":{"start":{"line":13,"column":0},"end":{"line":13,"column":22}},"13":{"start":{"line":14,"column":0},"end":{"line":14,"column":23}},"14":{"start":{"line":15,"column":0},"end":{"line":15,"column":25}},"15":{"start":{"line":16,"column":0},"end":{"line":16,"column":29}},"16":{"start":{"line":17,"column":0},"end":{"line":17,"column":20}},"17":{"start":{"line":18,"column":0},"end":{"line":18,"column":21}},"18":{"start":{"line":19,"column":0},"end":{"line":19,"column":21}},"19":{"start":{"line":20,"column":0},"end":{"line":20,"column":47}},"20":{"start":{"line":21,"column":0},"end":{"line":21,"column":43}},"21":{"start":{"line":22,"column":0},"end":{"line":22,"column":47}},"22":{"start":{"line":23,"column":0},"end":{"line":23,"column":46}},"23":{"start":{"line":24,"column":0},"end":{"line":24,"column":36}},"24":{"start":{"line":25,"column":0},"end":{"line":25,"column":36}},"25":{"start":{"line":26,"column":0},"end":{"line":26,"column":3}}},"s":{"0":1,"2":1,"3":1,"4":1,"5":1,"6":1,"7":1,"8":1,"9":1,"11":1,"12":1,"13":1,"14":1,"15":1,"16":1,"17":1,"18":1,"19":1,"20":1,"21":1,"22":1,"23":1,"24":1,"25":1},"branchMap":{},"b":{},"fnMap":{},"f":{}}
}
